2019-05-13 14:59:53,258 [Worker-1: Loading available Gradle versions] INFO  o.e.b.c.i.u.g.PublishedGradleVersions - Gradle version information cache is up-to-date. Trying to read.
2019-05-13 15:02:05,984 [Worker-3: Building workspace] INFO  o.e.m.c.i.l.LifecycleMappingFactory - Using org.eclipse.m2e.jdt.JarLifecycleMapping lifecycle mapping for MavenProject: com.example:demo:0.0.1-SNAPSHOT @ C:\Users\Shashini Nimasha\Desktop\project1\PAF_GROUP_PROJECT_DS-master\PAF_GROUP_PROJECT_DS-master\pom.xml.
2019-05-13 15:02:05,984 [Worker-6: Updating Maven Dependencies] INFO  o.e.m.c.i.l.LifecycleMappingFactory - Using org.eclipse.m2e.jdt.JarLifecycleMapping lifecycle mapping for MavenProject: com.example:demo:0.0.1-SNAPSHOT @ C:\Users\Shashini Nimasha\Desktop\project1\PAF_GROUP_PROJECT_DS-master\PAF_GROUP_PROJECT_DS-master\pom.xml.
2019-05-13 15:02:20,018 [main] INFO  o.e.m2e.actions.ExecutePomAction - Creating new launch configuration
2019-05-13 15:02:49,653 [Worker-3: Building workspace] INFO  o.e.m.c.i.embedder.EclipseLogger - Using 'UTF-8' encoding to copy filtered resources.
2019-05-13 15:02:49,678 [Worker-3: Building workspace] INFO  o.e.m.c.i.embedder.EclipseLogger - Copying 1 resource
2019-05-13 15:02:49,759 [Worker-3: Building workspace] INFO  o.e.m.c.i.embedder.EclipseLogger - Copying 0 resource
2019-05-13 15:02:49,762 [Worker-3: Building workspace] INFO  o.e.m.c.i.embedder.EclipseLogger - Using 'UTF-8' encoding to copy filtered resources.
2019-05-13 15:02:49,763 [Worker-3: Building workspace] INFO  o.e.m.c.i.embedder.EclipseLogger - skip non existing resourceDirectory C:\Users\Shashini Nimasha\Desktop\project1\PAF_GROUP_PROJECT_DS-master\PAF_GROUP_PROJECT_DS-master\src\test\resources
2019-05-13 15:03:01,757 [Worker-3: Updating Maven Dependencies] INFO  o.e.m.c.i.l.LifecycleMappingFactory - Using org.eclipse.m2e.jdt.JarLifecycleMapping lifecycle mapping for MavenProject: com.example:demo:0.0.1-SNAPSHOT @ C:\Users\Shashini Nimasha\Desktop\project1\PAF_GROUP_PROJECT_DS-master\PAF_GROUP_PROJECT_DS-master\pom.xml.
2019-05-13 15:03:14,796 [Worker-11: Building workspace] INFO  o.e.m.c.i.embedder.EclipseLogger - Using 'UTF-8' encoding to copy filtered resources.
2019-05-13 15:03:14,844 [Worker-11: Building workspace] INFO  o.e.m.c.i.embedder.EclipseLogger - Copying 0 resource
2019-05-13 15:03:14,844 [Worker-11: Building workspace] INFO  o.e.m.c.i.embedder.EclipseLogger - Copying 0 resource
2019-05-13 15:03:14,847 [Worker-11: Building workspace] INFO  o.e.m.c.i.embedder.EclipseLogger - Using 'UTF-8' encoding to copy filtered resources.
2019-05-13 15:03:14,847 [Worker-11: Building workspace] INFO  o.e.m.c.i.embedder.EclipseLogger - skip non existing resourceDirectory C:\Users\Shashini Nimasha\Desktop\project1\PAF_GROUP_PROJECT_DS-master\PAF_GROUP_PROJECT_DS-master\src\test\resources
2019-05-13 15:03:16,662 [Worker-10: Launching PAF_GROUP_PROJECT_DS-master] INFO  o.e.m.i.launch.MavenLaunchDelegate - C:\Users\Shashini Nimasha\Desktop\project1\PAF_GROUP_PROJECT_DS-master\PAF_GROUP_PROJECT_DS-master
2019-05-13 15:03:16,668 [Worker-10: Launching PAF_GROUP_PROJECT_DS-master] INFO  o.e.m.i.launch.MavenLaunchDelegate -  mvn -B clean install -DskipTests
2019-05-13 15:09:33,473 [Worker-3: Launching PAF_GROUP_PROJECT_DS-master] INFO  o.e.m.i.launch.MavenLaunchDelegate - C:\Users\Shashini Nimasha\Desktop\project1\PAF_GROUP_PROJECT_DS-master\PAF_GROUP_PROJECT_DS-master
2019-05-13 15:09:33,475 [Worker-3: Launching PAF_GROUP_PROJECT_DS-master] INFO  o.e.m.i.launch.MavenLaunchDelegate -  mvn -B clean install -DskipTests
2019-05-13 15:13:49,955 [Worker-15: Launching PAF_GROUP_PROJECT_DS-master] INFO  o.e.m.i.launch.MavenLaunchDelegate - C:\Users\Shashini Nimasha\Desktop\project1\PAF_GROUP_PROJECT_DS-master\PAF_GROUP_PROJECT_DS-master
2019-05-13 15:13:49,965 [Worker-15: Launching PAF_GROUP_PROJECT_DS-master] INFO  o.e.m.i.launch.MavenLaunchDelegate -  mvn -B clean install -DskipTests
2019-05-13 15:14:42,020 [Worker-15: Launching PAF_GROUP_PROJECT_DS-master] INFO  o.e.m.i.launch.MavenLaunchDelegate - C:\Users\Shashini Nimasha\Desktop\project1\PAF_GROUP_PROJECT_DS-master\PAF_GROUP_PROJECT_DS-master
2019-05-13 15:14:42,026 [Worker-15: Launching PAF_GROUP_PROJECT_DS-master] INFO  o.e.m.i.launch.MavenLaunchDelegate -  mvn -B clean install -DskipTests
2019-05-13 15:15:13,624 [Worker-14: Launching PAF_GROUP_PROJECT_DS-master] INFO  o.e.m.i.launch.MavenLaunchDelegate - C:\Users\Shashini Nimasha\Desktop\project1\PAF_GROUP_PROJECT_DS-master\PAF_GROUP_PROJECT_DS-master
2019-05-13 15:15:13,635 [Worker-14: Launching PAF_GROUP_PROJECT_DS-master] INFO  o.e.m.i.launch.MavenLaunchDelegate -  mvn -B clean install -DskipTests -X
2019-05-13 15:17:04,320 [Worker-14: Building workspace] INFO  o.e.m.c.i.l.LifecycleMappingFactory - Using org.eclipse.m2e.jdt.JarLifecycleMapping lifecycle mapping for MavenProject: com.example:demo:0.0.1-SNAPSHOT @ C:\Users\Shashini Nimasha\Desktop\project1\PAF_GROUP_PROJECT_DS-master\PAF_GROUP_PROJECT_DS-master\pom.xml.
2019-05-13 15:17:07,972 [Worker-14: Building workspace] INFO  o.e.m.c.i.embedder.EclipseLogger - Using 'UTF-8' encoding to copy filtered resources.
2019-05-13 15:17:07,984 [Worker-14: Building workspace] INFO  o.e.m.c.i.embedder.EclipseLogger - Copying 0 resource
2019-05-13 15:17:07,992 [Worker-14: Building workspace] INFO  o.e.m.c.i.embedder.EclipseLogger - Copying 0 resource
2019-05-13 15:17:07,995 [Worker-14: Building workspace] INFO  o.e.m.c.i.embedder.EclipseLogger - Using 'UTF-8' encoding to copy filtered resources.
2019-05-13 15:17:08,004 [Worker-14: Building workspace] INFO  o.e.m.c.i.embedder.EclipseLogger - skip non existing resourceDirectory C:\Users\Shashini Nimasha\Desktop\project1\PAF_GROUP_PROJECT_DS-master\PAF_GROUP_PROJECT_DS-master\src\test\resources
2019-05-13 15:17:08,492 [main] INFO  o.e.m2e.actions.ExecutePomAction - Using existing launch configuration
2019-05-13 15:17:10,228 [Worker-15: Launching PAF_GROUP_PROJECT_DS-master] INFO  o.e.m.i.launch.MavenLaunchDelegate - C:\Users\Shashini Nimasha\Desktop\project1\PAF_GROUP_PROJECT_DS-master\PAF_GROUP_PROJECT_DS-master
2019-05-13 15:17:10,229 [Worker-15: Launching PAF_GROUP_PROJECT_DS-master] INFO  o.e.m.i.launch.MavenLaunchDelegate -  mvn -B clean install -DskipTests -X
2019-05-13 15:20:37,447 [Worker-21: Launching PAF_GROUP_PROJECT_DS-master] INFO  o.e.m.i.launch.MavenLaunchDelegate - C:\Users\Shashini Nimasha\Desktop\project1\PAF_GROUP_PROJECT_DS-master\PAF_GROUP_PROJECT_DS-master
2019-05-13 15:20:37,447 [Worker-21: Launching PAF_GROUP_PROJECT_DS-master] INFO  o.e.m.i.launch.MavenLaunchDelegate -  mvn -B clean install -DskipTests
2019-05-13 15:38:38,303 [Worker-28: Launching PAF_GROUP_PROJECT_DS-master] INFO  o.e.m.i.launch.MavenLaunchDelegate - C:\Users\Shashini Nimasha\Desktop\project1\PAF_GROUP_PROJECT_DS-master\PAF_GROUP_PROJECT_DS-master
2019-05-13 15:38:38,311 [Worker-28: Launching PAF_GROUP_PROJECT_DS-master] INFO  o.e.m.i.launch.MavenLaunchDelegate -  mvn -B clean install -DskipTests
2019-05-13 16:12:48,181 [main] INFO  o.e.m2e.actions.ExecutePomAction - Using existing launch configuration
2019-05-13 16:12:48,296 [Worker-33: Launching PAF_GROUP_PROJECT_DS-master] INFO  o.e.m.i.launch.MavenLaunchDelegate - C:\Users\Shashini Nimasha\Desktop\project1\PAF_GROUP_PROJECT_DS-master\PAF_GROUP_PROJECT_DS-master
2019-05-13 16:12:48,303 [Worker-33: Launching PAF_GROUP_PROJECT_DS-master] INFO  o.e.m.i.launch.MavenLaunchDelegate -  mvn -B clean install -DskipTests
2019-05-13 16:23:06,927 [Worker-35: Launching PAF_GROUP_PROJECT_DS-master] INFO  o.e.m.i.launch.MavenLaunchDelegate - C:\Users\Shashini Nimasha\Desktop\project1\PAF_GROUP_PROJECT_DS-master\PAF_GROUP_PROJECT_DS-master
2019-05-13 16:23:06,938 [Worker-35: Launching PAF_GROUP_PROJECT_DS-master] INFO  o.e.m.i.launch.MavenLaunchDelegate -  mvn -B clean install -DskipTests
2019-05-13 16:59:38,371 [main] INFO  o.e.m2e.actions.ExecutePomAction - Using existing launch configuration
2019-05-13 16:59:38,722 [Worker-42: Launching PAF_GROUP_PROJECT_DS-master] INFO  o.e.m.i.launch.MavenLaunchDelegate - C:\Users\Shashini Nimasha\Desktop\project1\PAF_GROUP_PROJECT_DS-master\PAF_GROUP_PROJECT_DS-master
2019-05-13 16:59:38,730 [Worker-42: Launching PAF_GROUP_PROJECT_DS-master] INFO  o.e.m.i.launch.MavenLaunchDelegate -  mvn -B clean install -DskipTests
2019-05-13 17:00:15,651 [Worker-44: Launching PAF_GROUP_PROJECT_DS-master] INFO  o.e.m.i.launch.MavenLaunchDelegate - C:\Users\Shashini Nimasha\Desktop\project1\PAF_GROUP_PROJECT_DS-master\PAF_GROUP_PROJECT_DS-master
2019-05-13 17:00:15,651 [Worker-44: Launching PAF_GROUP_PROJECT_DS-master] INFO  o.e.m.i.launch.MavenLaunchDelegate -  mvn -B clean install -DskipTests -X
2019-05-13 17:00:56,450 [Worker-42: Launching PAF_GROUP_PROJECT_DS-master] INFO  o.e.m.i.launch.MavenLaunchDelegate - C:\Users\Shashini Nimasha\Desktop\project1\PAF_GROUP_PROJECT_DS-master\PAF_GROUP_PROJECT_DS-master
2019-05-13 17:00:56,460 [Worker-42: Launching PAF_GROUP_PROJECT_DS-master] INFO  o.e.m.i.launch.MavenLaunchDelegate -  mvn -B clean install -DskipTests -X
2019-05-13 17:12:45,987 [Worker-51: Building workspace] INFO  o.e.m.c.i.embedder.EclipseLogger - Using 'UTF-8' encoding to copy filtered resources.
2019-05-13 17:12:46,009 [Worker-51: Building workspace] INFO  o.e.m.c.i.embedder.EclipseLogger - Copying 1 resource
2019-05-13 17:12:46,030 [Worker-51: Building workspace] INFO  o.e.m.c.i.embedder.EclipseLogger - Copying 0 resource
2019-05-13 17:12:46,040 [Worker-51: Building workspace] INFO  o.e.m.c.i.embedder.EclipseLogger - Using 'UTF-8' encoding to copy filtered resources.
2019-05-13 17:12:46,046 [Worker-51: Building workspace] INFO  o.e.m.c.i.embedder.EclipseLogger - skip non existing resourceDirectory C:\Users\Shashini Nimasha\Desktop\project1\PAF_GROUP_PROJECT_DS-master\PAF_GROUP_PROJECT_DS-master\src\test\resources
2019-05-13 17:14:24,282 [main] INFO  o.e.m2e.actions.ExecutePomAction - Using existing launch configuration
2019-05-13 17:14:24,500 [Worker-42: Launching PAF_GROUP_PROJECT_DS-master] INFO  o.e.m.i.launch.MavenLaunchDelegate - C:\Users\Shashini Nimasha\Desktop\project1\PAF_GROUP_PROJECT_DS-master\PAF_GROUP_PROJECT_DS-master
2019-05-13 17:14:24,509 [Worker-42: Launching PAF_GROUP_PROJECT_DS-master] INFO  o.e.m.i.launch.MavenLaunchDelegate -  mvn -B clean install -DskipTests -X
2019-05-13 17:22:15,590 [Worker-59: Building workspace] INFO  o.e.m.c.i.embedder.EclipseLogger - Using 'UTF-8' encoding to copy filtered resources.
2019-05-13 17:22:15,590 [Worker-59: Building workspace] INFO  o.e.m.c.i.embedder.EclipseLogger - Copying 1 resource
2019-05-13 17:22:15,602 [Worker-59: Building workspace] INFO  o.e.m.c.i.embedder.EclipseLogger - Copying 0 resource
2019-05-13 17:22:15,620 [Worker-59: Building workspace] INFO  o.e.m.c.i.embedder.EclipseLogger - Using 'UTF-8' encoding to copy filtered resources.
2019-05-13 17:22:15,628 [Worker-59: Building workspace] INFO  o.e.m.c.i.embedder.EclipseLogger - skip non existing resourceDirectory C:\Users\Shashini Nimasha\Desktop\project1\PAF_GROUP_PROJECT_DS-master\PAF_GROUP_PROJECT_DS-master\src\test\resources
2019-05-13 17:22:37,020 [main] INFO  o.e.m2e.actions.ExecutePomAction - Using existing launch configuration
2019-05-13 17:22:37,181 [Worker-53: Launching PAF_GROUP_PROJECT_DS-master] INFO  o.e.m.i.launch.MavenLaunchDelegate - C:\Users\Shashini Nimasha\Desktop\project1\PAF_GROUP_PROJECT_DS-master\PAF_GROUP_PROJECT_DS-master
2019-05-13 17:22:37,189 [Worker-53: Launching PAF_GROUP_PROJECT_DS-master] INFO  o.e.m.i.launch.MavenLaunchDelegate -  mvn -B clean install -DskipTests -X
2019-05-13 17:24:39,124 [main] INFO  o.e.m2e.actions.ExecutePomAction - Using existing launch configuration
2019-05-13 17:24:39,290 [Worker-56: Launching PAF_GROUP_PROJECT_DS-master] INFO  o.e.m.i.launch.MavenLaunchDelegate - C:\Users\Shashini Nimasha\Desktop\project1\PAF_GROUP_PROJECT_DS-master\PAF_GROUP_PROJECT_DS-master
2019-05-13 17:24:39,297 [Worker-56: Launching PAF_GROUP_PROJECT_DS-master] INFO  o.e.m.i.launch.MavenLaunchDelegate -  mvn -B clean install -DskipTests -X
2019-05-13 17:28:07,080 [Worker-60: Building workspace] INFO  o.e.m.c.i.embedder.EclipseLogger - Using 'UTF-8' encoding to copy filtered resources.
2019-05-13 17:28:07,081 [Worker-60: Building workspace] INFO  o.e.m.c.i.embedder.EclipseLogger - Copying 0 resource
2019-05-13 17:28:07,093 [Worker-60: Building workspace] INFO  o.e.m.c.i.embedder.EclipseLogger - Copying 0 resource
2019-05-13 17:28:07,105 [Worker-60: Building workspace] INFO  o.e.m.c.i.embedder.EclipseLogger - Using 'UTF-8' encoding to copy filtered resources.
2019-05-13 17:28:07,105 [Worker-60: Building workspace] INFO  o.e.m.c.i.embedder.EclipseLogger - skip non existing resourceDirectory C:\Users\Shashini Nimasha\Desktop\project1\PAF_GROUP_PROJECT_DS-master\PAF_GROUP_PROJECT_DS-master\src\test\resources
2019-05-13 17:39:49,327 [Worker-69: Building workspace] INFO  o.e.m.c.i.embedder.EclipseLogger - Using 'UTF-8' encoding to copy filtered resources.
2019-05-13 17:39:49,328 [Worker-69: Building workspace] INFO  o.e.m.c.i.embedder.EclipseLogger - Copying 0 resource
2019-05-13 17:39:49,346 [Worker-69: Building workspace] INFO  o.e.m.c.i.embedder.EclipseLogger - Copying 0 resource
2019-05-13 17:39:49,359 [Worker-69: Building workspace] INFO  o.e.m.c.i.embedder.EclipseLogger - Using 'UTF-8' encoding to copy filtered resources.
2019-05-13 17:39:49,423 [Worker-69: Building workspace] INFO  o.e.m.c.i.embedder.EclipseLogger - skip non existing resourceDirectory C:\Users\Shashini Nimasha\Desktop\project1\PAF_GROUP_PROJECT_DS-master\PAF_GROUP_PROJECT_DS-master\src\test\resources
2019-05-14 17:10:36,344 [Worker-247: Launching PAF_GROUP_PROJECT_DS-master] INFO  o.e.m.i.launch.MavenLaunchDelegate - C:\Users\Shashini Nimasha\Desktop\project1\PAF_GROUP_PROJECT_DS-master\PAF_GROUP_PROJECT_DS-master
2019-05-14 17:10:36,346 [Worker-247: Launching PAF_GROUP_PROJECT_DS-master] INFO  o.e.m.i.launch.MavenLaunchDelegate -  mvn -B clean install -DskipTests -X
2019-05-14 17:13:09,149 [main] INFO  o.e.m2e.actions.ExecutePomAction - Using existing launch configuration
2019-05-14 17:13:09,180 [Worker-251: Launching PAF_GROUP_PROJECT_DS-master] INFO  o.e.m.i.launch.MavenLaunchDelegate - C:\Users\Shashini Nimasha\Desktop\project1\PAF_GROUP_PROJECT_DS-master\PAF_GROUP_PROJECT_DS-master
2019-05-14 17:13:09,196 [Worker-251: Launching PAF_GROUP_PROJECT_DS-master] INFO  o.e.m.i.launch.MavenLaunchDelegate -  mvn -B clean install -DskipTests -X
2019-05-14 19:05:20,368 [Worker-260: Launching PAF_GROUP_PROJECT_DS-master] INFO  o.e.m.i.launch.MavenLaunchDelegate - C:\Users\Shashini Nimasha\Desktop\project1\PAF_GROUP_PROJECT_DS-master\PAF_GROUP_PROJECT_DS-master
2019-05-14 19:05:20,385 [Worker-260: Launching PAF_GROUP_PROJECT_DS-master] INFO  o.e.m.i.launch.MavenLaunchDelegate -  mvn -B clean install -DskipTests -X
2019-05-15 16:55:41,785 [Worker-3: Loading available Gradle versions] INFO  o.e.b.c.i.u.g.PublishedGradleVersions - Gradle version information cache is out-of-date. Trying to update.
2019-05-15 16:56:40,080 [Worker-7: Building workspace] INFO  o.e.m.c.i.embedder.EclipseLogger - Using 'UTF-8' encoding to copy filtered resources.
2019-05-15 16:56:40,087 [Worker-7: Building workspace] INFO  o.e.m.c.i.embedder.EclipseLogger - Copying 1 resource
2019-05-15 16:56:40,188 [Worker-7: Building workspace] INFO  o.e.m.c.i.embedder.EclipseLogger - Copying 0 resource
2019-05-15 16:56:40,195 [Worker-7: Building workspace] INFO  o.e.m.c.i.embedder.EclipseLogger - Using 'UTF-8' encoding to copy filtered resources.
2019-05-15 16:56:40,195 [Worker-7: Building workspace] INFO  o.e.m.c.i.embedder.EclipseLogger - skip non existing resourceDirectory C:\Users\Shashini Nimasha\Desktop\project1\PAF_GROUP_PROJECT_DS-master\PAF_GROUP_PROJECT_DS-master\src\test\resources
2019-05-15 17:12:36,706 [Worker-18: Building workspace] INFO  o.e.m.c.i.embedder.EclipseLogger - Using 'UTF-8' encoding to copy filtered resources.
2019-05-15 17:12:36,790 [Worker-18: Building workspace] INFO  o.e.m.c.i.embedder.EclipseLogger - Copying 1 resource
2019-05-15 17:12:36,794 [Worker-18: Building workspace] INFO  o.e.m.c.i.embedder.EclipseLogger - Copying 0 resource
2019-05-15 17:12:36,796 [Worker-18: Building workspace] INFO  o.e.m.c.i.embedder.EclipseLogger - Using 'UTF-8' encoding to copy filtered resources.
2019-05-15 17:12:36,797 [Worker-18: Building workspace] INFO  o.e.m.c.i.embedder.EclipseLogger - skip non existing resourceDirectory C:\Users\Shashini Nimasha\Desktop\project1\PAF_GROUP_PROJECT_DS-master\PAF_GROUP_PROJECT_DS-master\src\test\resources
2019-05-15 17:34:42,365 [Worker-0: Loading available Gradle versions] INFO  o.e.b.c.i.u.g.PublishedGradleVersions - Gradle version information cache is up-to-date. Trying to read.
2019-05-15 17:41:15,978 [Worker-7: Building workspace] INFO  o.e.m.c.i.embedder.EclipseLogger - Using 'UTF-8' encoding to copy filtered resources.
2019-05-15 17:41:15,983 [Worker-7: Building workspace] INFO  o.e.m.c.i.embedder.EclipseLogger - Copying 1 resource
2019-05-15 17:41:16,000 [Worker-7: Building workspace] INFO  o.e.m.c.i.embedder.EclipseLogger - Copying 0 resource
2019-05-15 17:41:16,005 [Worker-7: Building workspace] INFO  o.e.m.c.i.embedder.EclipseLogger - Using 'UTF-8' encoding to copy filtered resources.
2019-05-15 17:41:16,006 [Worker-7: Building workspace] INFO  o.e.m.c.i.embedder.EclipseLogger - skip non existing resourceDirectory C:\Users\Shashini Nimasha\Desktop\project1\PAF_GROUP_PROJECT_DS-master\PAF_GROUP_PROJECT_DS-master\src\test\resources
2019-05-15 17:41:18,448 [Worker-15: Building workspace] INFO  o.e.m.c.i.embedder.EclipseLogger - Using 'UTF-8' encoding to copy filtered resources.
2019-05-15 17:41:18,449 [Worker-15: Building workspace] INFO  o.e.m.c.i.embedder.EclipseLogger - Copying 0 resource
2019-05-15 17:41:18,450 [Worker-15: Building workspace] INFO  o.e.m.c.i.embedder.EclipseLogger - Copying 0 resource
2019-05-15 17:41:18,453 [Worker-15: Building workspace] INFO  o.e.m.c.i.embedder.EclipseLogger - Using 'UTF-8' encoding to copy filtered resources.
2019-05-15 17:41:18,453 [Worker-15: Building workspace] INFO  o.e.m.c.i.embedder.EclipseLogger - skip non existing resourceDirectory C:\Users\Shashini Nimasha\Desktop\project1\PAF_GROUP_PROJECT_DS-master\PAF_GROUP_PROJECT_DS-master\src\test\resources
2019-05-16 01:59:00,510 [Worker-89: Building workspace] INFO  o.e.m.c.i.embedder.EclipseLogger - Using 'UTF-8' encoding to copy filtered resources.
2019-05-16 01:59:00,975 [Worker-89: Building workspace] INFO  o.e.m.c.i.embedder.EclipseLogger - Copying 0 resource
2019-05-16 01:59:00,975 [Worker-89: Building workspace] INFO  o.e.m.c.i.embedder.EclipseLogger - Copying 0 resource
2019-05-16 01:59:00,977 [Worker-89: Building workspace] INFO  o.e.m.c.i.embedder.EclipseLogger - Using 'UTF-8' encoding to copy filtered resources.
2019-05-16 01:59:00,978 [Worker-89: Building workspace] INFO  o.e.m.c.i.embedder.EclipseLogger - skip non existing resourceDirectory C:\Users\Shashini Nimasha\Desktop\project1\PAF_GROUP_PROJECT_DS-master\PAF_GROUP_PROJECT_DS-master\src\test\resources
2019-05-16 02:02:56,212 [Worker-89: Building workspace] INFO  o.e.m.c.i.embedder.EclipseLogger - Using 'UTF-8' encoding to copy filtered resources.
2019-05-16 02:02:56,213 [Worker-89: Building workspace] INFO  o.e.m.c.i.embedder.EclipseLogger - Copying 0 resource
2019-05-16 02:02:56,213 [Worker-89: Building workspace] INFO  o.e.m.c.i.embedder.EclipseLogger - Copying 0 resource
2019-05-16 02:02:56,215 [Worker-89: Building workspace] INFO  o.e.m.c.i.embedder.EclipseLogger - Using 'UTF-8' encoding to copy filtered resources.
2019-05-16 02:02:56,227 [Worker-89: Building workspace] INFO  o.e.m.c.i.embedder.EclipseLogger - skip non existing resourceDirectory C:\Users\Shashini Nimasha\Desktop\project1\PAF_GROUP_PROJECT_DS-master\PAF_GROUP_PROJECT_DS-master\src\test\resources
2019-05-16 02:12:11,060 [Worker-96: Building Project PAF_GROUP_PROJECT_DS-master_PAF_GROUP_PROJECT_DS-master] INFO  o.e.m.c.i.embedder.EclipseLogger - Using 'UTF-8' encoding to copy filtered resources.
2019-05-16 02:12:11,072 [Worker-96: Building Project PAF_GROUP_PROJECT_DS-master_PAF_GROUP_PROJECT_DS-master] INFO  o.e.m.c.i.embedder.EclipseLogger - Copying 1 resource
2019-05-16 02:12:11,081 [Worker-96: Building Project PAF_GROUP_PROJECT_DS-master_PAF_GROUP_PROJECT_DS-master] INFO  o.e.m.c.i.embedder.EclipseLogger - Copying 0 resource
2019-05-16 02:12:11,091 [Worker-96: Building Project PAF_GROUP_PROJECT_DS-master_PAF_GROUP_PROJECT_DS-master] INFO  o.e.m.c.i.embedder.EclipseLogger - Using 'UTF-8' encoding to copy filtered resources.
2019-05-16 02:12:11,091 [Worker-96: Building Project PAF_GROUP_PROJECT_DS-master_PAF_GROUP_PROJECT_DS-master] INFO  o.e.m.c.i.embedder.EclipseLogger - skip non existing resourceDirectory C:\Users\Shashini Nimasha\Desktop\project1\PAF_GROUP_PROJECT_DS-master\PAF_GROUP_PROJECT_DS-master\src\test\resources
2019-05-16 02:12:25,824 [Worker-103: Building workspace] INFO  o.e.m.c.i.embedder.EclipseLogger - Using 'UTF-8' encoding to copy filtered resources.
2019-05-16 02:12:25,825 [Worker-103: Building workspace] INFO  o.e.m.c.i.embedder.EclipseLogger - Copying 0 resource
2019-05-16 02:12:25,833 [Worker-103: Building workspace] INFO  o.e.m.c.i.embedder.EclipseLogger - Copying 0 resource
2019-05-16 02:12:25,845 [Worker-103: Building workspace] INFO  o.e.m.c.i.embedder.EclipseLogger - Using 'UTF-8' encoding to copy filtered resources.
2019-05-16 02:12:25,855 [Worker-103: Building workspace] INFO  o.e.m.c.i.embedder.EclipseLogger - skip non existing resourceDirectory C:\Users\Shashini Nimasha\Desktop\project1\PAF_GROUP_PROJECT_DS-master\PAF_GROUP_PROJECT_DS-master\src\test\resources
2019-05-16 02:13:11,082 [Worker-99: Building workspace] INFO  o.e.m.c.i.embedder.EclipseLogger - Using 'UTF-8' encoding to copy filtered resources.
2019-05-16 02:13:11,092 [Worker-99: Building workspace] INFO  o.e.m.c.i.embedder.EclipseLogger - Copying 1 resource
2019-05-16 02:13:11,103 [Worker-99: Building workspace] INFO  o.e.m.c.i.embedder.EclipseLogger - Copying 0 resource
2019-05-16 02:13:11,128 [Worker-99: Building workspace] INFO  o.e.m.c.i.embedder.EclipseLogger - Using 'UTF-8' encoding to copy filtered resources.
2019-05-16 02:13:11,129 [Worker-99: Building workspace] INFO  o.e.m.c.i.embedder.EclipseLogger - skip non existing resourceDirectory C:\Users\Shashini Nimasha\Desktop\project1\PAF_GROUP_PROJECT_DS-master\PAF_GROUP_PROJECT_DS-master\src\test\resources
2019-05-16 02:14:33,860 [Worker-96: Updating Maven Project] INFO  o.e.m.c.i.p.ProjectConfigurationManager - Update started
2019-05-16 02:14:41,002 [Worker-96: Updating Maven Project] INFO  o.e.m.c.i.l.LifecycleMappingFactory - Using org.eclipse.m2e.jdt.JarLifecycleMapping lifecycle mapping for MavenProject: com.example:demo:0.0.1-SNAPSHOT @ C:\Users\Shashini Nimasha\Desktop\project1\PAF_GROUP_PROJECT_DS-master\PAF_GROUP_PROJECT_DS-master\pom.xml.
2019-05-16 02:14:45,631 [Worker-96: Updating Maven Project] INFO  o.e.m.j.i.AbstractJavaProjectConfigurator - Adding source folder /PAF_GROUP_PROJECT_DS-master_PAF_GROUP_PROJECT_DS-master/src/main/java
2019-05-16 02:14:45,632 [Worker-96: Updating Maven Project] INFO  o.e.m.j.i.AbstractJavaProjectConfigurator - Adding resource folder /PAF_GROUP_PROJECT_DS-master_PAF_GROUP_PROJECT_DS-master/src/main/resources
2019-05-16 02:14:45,637 [Worker-96: Updating Maven Project] INFO  o.e.m.j.i.AbstractJavaProjectConfigurator - Adding resource folder /PAF_GROUP_PROJECT_DS-master_PAF_GROUP_PROJECT_DS-master/src/main/resources
2019-05-16 02:14:45,638 [Worker-96: Updating Maven Project] INFO  o.e.m.j.i.AbstractJavaProjectConfigurator - Adding source folder /PAF_GROUP_PROJECT_DS-master_PAF_GROUP_PROJECT_DS-master/src/test/java
2019-05-16 02:14:46,229 [Worker-96: Updating Maven Project] INFO  o.e.m.c.i.p.ProjectConfigurationManager - Update completed: 12 sec
2019-05-16 02:14:48,780 [Worker-98: Building workspace] INFO  o.e.m.c.i.embedder.EclipseLogger - Using 'UTF-8' encoding to copy filtered resources.
2019-05-16 02:14:48,796 [Worker-98: Building workspace] INFO  o.e.m.c.i.embedder.EclipseLogger - Copying 1 resource
2019-05-16 02:14:48,860 [Worker-98: Building workspace] INFO  o.e.m.c.i.embedder.EclipseLogger - Copying 0 resource
2019-05-16 02:14:48,910 [Worker-98: Building workspace] INFO  o.e.m.c.i.embedder.EclipseLogger - Using 'UTF-8' encoding to copy filtered resources.
2019-05-16 02:14:48,911 [Worker-98: Building workspace] INFO  o.e.m.c.i.embedder.EclipseLogger - skip non existing resourceDirectory C:\Users\Shashini Nimasha\Desktop\project1\PAF_GROUP_PROJECT_DS-master\PAF_GROUP_PROJECT_DS-master\src\test\resources
2019-05-16 02:15:20,292 [Worker-105: Updating Maven Project] INFO  o.e.m.c.i.p.ProjectConfigurationManager - Update started
2019-05-16 02:15:21,126 [Worker-105: Updating Maven Project] INFO  o.e.m.c.i.l.LifecycleMappingFactory - Using org.eclipse.m2e.jdt.JarLifecycleMapping lifecycle mapping for MavenProject: com.example:demo:0.0.1-SNAPSHOT @ C:\Users\Shashini Nimasha\Desktop\project1\PAF_GROUP_PROJECT_DS-master\PAF_GROUP_PROJECT_DS-master\pom.xml.
2019-05-16 02:15:22,161 [Worker-105: Updating Maven Project] INFO  o.e.m.j.i.AbstractJavaProjectConfigurator - Adding source folder /PAF_GROUP_PROJECT_DS-master_PAF_GROUP_PROJECT_DS-master/src/main/java
2019-05-16 02:15:22,161 [Worker-105: Updating Maven Project] INFO  o.e.m.j.i.AbstractJavaProjectConfigurator - Adding resource folder /PAF_GROUP_PROJECT_DS-master_PAF_GROUP_PROJECT_DS-master/src/main/resources
2019-05-16 02:15:22,161 [Worker-105: Updating Maven Project] INFO  o.e.m.j.i.AbstractJavaProjectConfigurator - Adding resource folder /PAF_GROUP_PROJECT_DS-master_PAF_GROUP_PROJECT_DS-master/src/main/resources
2019-05-16 02:15:22,162 [Worker-105: Updating Maven Project] INFO  o.e.m.j.i.AbstractJavaProjectConfigurator - Adding source folder /PAF_GROUP_PROJECT_DS-master_PAF_GROUP_PROJECT_DS-master/src/test/java
2019-05-16 02:15:22,678 [Worker-105: Updating Maven Project] INFO  o.e.m.c.i.p.ProjectConfigurationManager - Update completed: 2 sec
2019-05-16 02:15:23,952 [Worker-101: Building workspace] INFO  o.e.m.c.i.embedder.EclipseLogger - Using 'UTF-8' encoding to copy filtered resources.
2019-05-16 02:15:23,960 [Worker-101: Building workspace] INFO  o.e.m.c.i.embedder.EclipseLogger - Copying 1 resource
2019-05-16 02:15:23,982 [Worker-101: Building workspace] INFO  o.e.m.c.i.embedder.EclipseLogger - Copying 0 resource
2019-05-16 02:15:23,993 [Worker-101: Building workspace] INFO  o.e.m.c.i.embedder.EclipseLogger - Using 'UTF-8' encoding to copy filtered resources.
2019-05-16 02:15:23,993 [Worker-101: Building workspace] INFO  o.e.m.c.i.embedder.EclipseLogger - skip non existing resourceDirectory C:\Users\Shashini Nimasha\Desktop\project1\PAF_GROUP_PROJECT_DS-master\PAF_GROUP_PROJECT_DS-master\src\test\resources
2019-05-16 02:16:55,434 [Worker-105: Building workspace] INFO  o.e.m.c.i.embedder.EclipseLogger - Using 'UTF-8' encoding to copy filtered resources.
2019-05-16 02:16:55,436 [Worker-105: Building workspace] INFO  o.e.m.c.i.embedder.EclipseLogger - Copying 1 resource
2019-05-16 02:16:55,443 [Worker-105: Building workspace] INFO  o.e.m.c.i.embedder.EclipseLogger - Copying 0 resource
2019-05-16 02:16:55,446 [Worker-105: Building workspace] INFO  o.e.m.c.i.embedder.EclipseLogger - Using 'UTF-8' encoding to copy filtered resources.
2019-05-16 02:16:55,454 [Worker-105: Building workspace] INFO  o.e.m.c.i.embedder.EclipseLogger - skip non existing resourceDirectory C:\Users\Shashini Nimasha\Desktop\project1\PAF_GROUP_PROJECT_DS-master\PAF_GROUP_PROJECT_DS-master\src\test\resources
2019-05-16 02:17:58,586 [Worker-101: Building workspace] INFO  o.e.m.c.i.embedder.EclipseLogger - Using 'UTF-8' encoding to copy filtered resources.
2019-05-16 02:17:58,629 [Worker-101: Building workspace] INFO  o.e.m.c.i.embedder.EclipseLogger - Copying 1 resource
2019-05-16 02:17:58,654 [Worker-101: Building workspace] INFO  o.e.m.c.i.embedder.EclipseLogger - Copying 0 resource
2019-05-16 02:17:58,668 [Worker-101: Building workspace] INFO  o.e.m.c.i.embedder.EclipseLogger - Using 'UTF-8' encoding to copy filtered resources.
2019-05-16 02:17:58,669 [Worker-101: Building workspace] INFO  o.e.m.c.i.embedder.EclipseLogger - skip non existing resourceDirectory C:\Users\Shashini Nimasha\Desktop\project1\PAF_GROUP_PROJECT_DS-master\PAF_GROUP_PROJECT_DS-master\src\test\resources
2019-05-16 02:18:22,819 [Worker-98: Building workspace] INFO  o.e.m.c.i.embedder.EclipseLogger - Using 'UTF-8' encoding to copy filtered resources.
2019-05-16 02:18:22,819 [Worker-98: Building workspace] INFO  o.e.m.c.i.embedder.EclipseLogger - Copying 1 resource
2019-05-16 02:18:22,827 [Worker-98: Building workspace] INFO  o.e.m.c.i.embedder.EclipseLogger - Copying 0 resource
2019-05-16 02:18:22,834 [Worker-98: Building workspace] INFO  o.e.m.c.i.embedder.EclipseLogger - Using 'UTF-8' encoding to copy filtered resources.
2019-05-16 02:18:22,839 [Worker-98: Building workspace] INFO  o.e.m.c.i.embedder.EclipseLogger - skip non existing resourceDirectory C:\Users\Shashini Nimasha\Desktop\project1\PAF_GROUP_PROJECT_DS-master\PAF_GROUP_PROJECT_DS-master\src\test\resources
2019-05-16 02:37:01,876 [Worker-110: Building workspace] INFO  o.e.m.c.i.embedder.EclipseLogger - Using 'UTF-8' encoding to copy filtered resources.
2019-05-16 02:37:01,883 [Worker-110: Building workspace] INFO  o.e.m.c.i.embedder.EclipseLogger - Copying 1 resource
2019-05-16 02:37:01,895 [Worker-110: Building workspace] INFO  o.e.m.c.i.embedder.EclipseLogger - Copying 0 resource
2019-05-16 02:37:01,905 [Worker-110: Building workspace] INFO  o.e.m.c.i.embedder.EclipseLogger - Using 'UTF-8' encoding to copy filtered resources.
2019-05-16 02:37:01,905 [Worker-110: Building workspace] INFO  o.e.m.c.i.embedder.EclipseLogger - skip non existing resourceDirectory C:\Users\Shashini Nimasha\Desktop\project1\PAF_GROUP_PROJECT_DS-master\PAF_GROUP_PROJECT_DS-master\src\test\resources
2019-05-16 03:32:42,132 [Worker-121: Building workspace] INFO  o.e.m.c.i.embedder.EclipseLogger - Using 'UTF-8' encoding to copy filtered resources.
2019-05-16 03:32:42,134 [Worker-121: Building workspace] INFO  o.e.m.c.i.embedder.EclipseLogger - Copying 1 resource
2019-05-16 03:32:42,140 [Worker-121: Building workspace] INFO  o.e.m.c.i.embedder.EclipseLogger - Copying 0 resource
2019-05-16 03:32:42,143 [Worker-121: Building workspace] INFO  o.e.m.c.i.embedder.EclipseLogger - Using 'UTF-8' encoding to copy filtered resources.
2019-05-16 03:32:42,143 [Worker-121: Building workspace] INFO  o.e.m.c.i.embedder.EclipseLogger - skip non existing resourceDirectory C:\Users\Shashini Nimasha\Desktop\project1\PAF_GROUP_PROJECT_DS-master\PAF_GROUP_PROJECT_DS-master\src\test\resources
2019-05-16 03:35:04,224 [Worker-121: Building workspace] INFO  o.e.m.c.i.embedder.EclipseLogger - Using 'UTF-8' encoding to copy filtered resources.
2019-05-16 03:35:04,225 [Worker-121: Building workspace] INFO  o.e.m.c.i.embedder.EclipseLogger - Copying 1 resource
2019-05-16 03:35:04,227 [Worker-121: Building workspace] INFO  o.e.m.c.i.embedder.EclipseLogger - Copying 0 resource
2019-05-16 03:35:04,295 [Worker-121: Building workspace] INFO  o.e.m.c.i.embedder.EclipseLogger - Using 'UTF-8' encoding to copy filtered resources.
2019-05-16 03:35:04,295 [Worker-121: Building workspace] INFO  o.e.m.c.i.embedder.EclipseLogger - skip non existing resourceDirectory C:\Users\Shashini Nimasha\Desktop\project1\PAF_GROUP_PROJECT_DS-master\PAF_GROUP_PROJECT_DS-master\src\test\resources
2019-05-16 03:39:36,468 [Worker-125: Building workspace] INFO  o.e.m.c.i.embedder.EclipseLogger - Using 'UTF-8' encoding to copy filtered resources.
2019-05-16 03:39:36,469 [Worker-125: Building workspace] INFO  o.e.m.c.i.embedder.EclipseLogger - Copying 1 resource
2019-05-16 03:39:36,503 [Worker-125: Building workspace] INFO  o.e.m.c.i.embedder.EclipseLogger - Copying 0 resource
2019-05-16 03:39:36,522 [Worker-125: Building workspace] INFO  o.e.m.c.i.embedder.EclipseLogger - Using 'UTF-8' encoding to copy filtered resources.
2019-05-16 03:39:36,530 [Worker-125: Building workspace] INFO  o.e.m.c.i.embedder.EclipseLogger - skip non existing resourceDirectory C:\Users\Shashini Nimasha\Desktop\project1\PAF_GROUP_PROJECT_DS-master\PAF_GROUP_PROJECT_DS-master\src\test\resources
2019-05-16 03:39:59,913 [Worker-121: Building workspace] INFO  o.e.m.c.i.embedder.EclipseLogger - Using 'UTF-8' encoding to copy filtered resources.
2019-05-16 03:39:59,965 [Worker-121: Building workspace] INFO  o.e.m.c.i.embedder.EclipseLogger - Copying 1 resource
2019-05-16 03:39:59,995 [Worker-121: Building workspace] INFO  o.e.m.c.i.embedder.EclipseLogger - Copying 0 resource
2019-05-16 03:40:00,013 [Worker-121: Building workspace] INFO  o.e.m.c.i.embedder.EclipseLogger - Using 'UTF-8' encoding to copy filtered resources.
2019-05-16 03:40:00,014 [Worker-121: Building workspace] INFO  o.e.m.c.i.embedder.EclipseLogger - skip non existing resourceDirectory C:\Users\Shashini Nimasha\Desktop\project1\PAF_GROUP_PROJECT_DS-master\PAF_GROUP_PROJECT_DS-master\src\test\resources
2019-05-16 03:43:25,397 [Worker-120: Building workspace] INFO  o.e.m.c.i.embedder.EclipseLogger - Using 'UTF-8' encoding to copy filtered resources.
2019-05-16 03:43:25,398 [Worker-120: Building workspace] INFO  o.e.m.c.i.embedder.EclipseLogger - Copying 1 resource
2019-05-16 03:43:25,400 [Worker-120: Building workspace] INFO  o.e.m.c.i.embedder.EclipseLogger - Copying 0 resource
2019-05-16 03:43:25,402 [Worker-120: Building workspace] INFO  o.e.m.c.i.embedder.EclipseLogger - Using 'UTF-8' encoding to copy filtered resources.
2019-05-16 03:43:25,407 [Worker-120: Building workspace] INFO  o.e.m.c.i.embedder.EclipseLogger - skip non existing resourceDirectory C:\Users\Shashini Nimasha\Desktop\project1\PAF_GROUP_PROJECT_DS-master\PAF_GROUP_PROJECT_DS-master\src\test\resources
2019-05-16 03:56:35,011 [Worker-124: Building workspace] INFO  o.e.m.c.i.embedder.EclipseLogger - Using 'UTF-8' encoding to copy filtered resources.
2019-05-16 03:56:35,012 [Worker-124: Building workspace] INFO  o.e.m.c.i.embedder.EclipseLogger - Copying 1 resource
2019-05-16 03:56:35,025 [Worker-124: Building workspace] INFO  o.e.m.c.i.embedder.EclipseLogger - Copying 0 resource
2019-05-16 03:56:35,032 [Worker-124: Building workspace] INFO  o.e.m.c.i.embedder.EclipseLogger - Using 'UTF-8' encoding to copy filtered resources.
2019-05-16 03:56:35,033 [Worker-124: Building workspace] INFO  o.e.m.c.i.embedder.EclipseLogger - skip non existing resourceDirectory C:\Users\Shashini Nimasha\Desktop\project1\PAF_GROUP_PROJECT_DS-master\PAF_GROUP_PROJECT_DS-master\src\test\resources
2019-05-16 04:36:24,122 [Worker-135: Building workspace] INFO  o.e.m.c.i.embedder.EclipseLogger - Using 'UTF-8' encoding to copy filtered resources.
2019-05-16 04:36:24,123 [Worker-135: Building workspace] INFO  o.e.m.c.i.embedder.EclipseLogger - Copying 1 resource
2019-05-16 04:36:24,132 [Worker-135: Building workspace] INFO  o.e.m.c.i.embedder.EclipseLogger - Copying 0 resource
2019-05-16 04:36:24,138 [Worker-135: Building workspace] INFO  o.e.m.c.i.embedder.EclipseLogger - Using 'UTF-8' encoding to copy filtered resources.
2019-05-16 04:36:24,143 [Worker-135: Building workspace] INFO  o.e.m.c.i.embedder.EclipseLogger - skip non existing resourceDirectory C:\Users\Shashini Nimasha\Desktop\project1\PAF_GROUP_PROJECT_DS-master\PAF_GROUP_PROJECT_DS-master\src\test\resources
2019-05-16 04:43:29,532 [Worker-141: Building workspace] INFO  o.e.m.c.i.embedder.EclipseLogger - Using 'UTF-8' encoding to copy filtered resources.
2019-05-16 04:43:29,539 [Worker-141: Building workspace] INFO  o.e.m.c.i.embedder.EclipseLogger - Copying 1 resource
2019-05-16 04:43:29,548 [Worker-141: Building workspace] INFO  o.e.m.c.i.embedder.EclipseLogger - Copying 0 resource
2019-05-16 04:43:29,555 [Worker-141: Building workspace] INFO  o.e.m.c.i.embedder.EclipseLogger - Using 'UTF-8' encoding to copy filtered resources.
2019-05-16 04:43:29,555 [Worker-141: Building workspace] INFO  o.e.m.c.i.embedder.EclipseLogger - skip non existing resourceDirectory C:\Users\Shashini Nimasha\Desktop\project1\PAF_GROUP_PROJECT_DS-master\PAF_GROUP_PROJECT_DS-master\src\test\resources
2019-05-16 04:50:08,193 [Worker-141: Building workspace] INFO  o.e.m.c.i.embedder.EclipseLogger - Using 'UTF-8' encoding to copy filtered resources.
2019-05-16 04:50:08,194 [Worker-141: Building workspace] INFO  o.e.m.c.i.embedder.EclipseLogger - Copying 1 resource
2019-05-16 04:50:08,197 [Worker-141: Building workspace] INFO  o.e.m.c.i.embedder.EclipseLogger - Copying 0 resource
2019-05-16 04:50:08,199 [Worker-141: Building workspace] INFO  o.e.m.c.i.embedder.EclipseLogger - Using 'UTF-8' encoding to copy filtered resources.
2019-05-16 04:50:08,200 [Worker-141: Building workspace] INFO  o.e.m.c.i.embedder.EclipseLogger - skip non existing resourceDirectory C:\Users\Shashini Nimasha\Desktop\project1\PAF_GROUP_PROJECT_DS-master\PAF_GROUP_PROJECT_DS-master\src\test\resources
2019-05-16 04:54:35,856 [Worker-146: Building workspace] INFO  o.e.m.c.i.embedder.EclipseLogger - Using 'UTF-8' encoding to copy filtered resources.
2019-05-16 04:54:35,857 [Worker-146: Building workspace] INFO  o.e.m.c.i.embedder.EclipseLogger - Copying 1 resource
2019-05-16 04:54:35,862 [Worker-146: Building workspace] INFO  o.e.m.c.i.embedder.EclipseLogger - Copying 0 resource
2019-05-16 04:54:35,877 [Worker-146: Building workspace] INFO  o.e.m.c.i.embedder.EclipseLogger - Using 'UTF-8' encoding to copy filtered resources.
2019-05-16 04:54:35,878 [Worker-146: Building workspace] INFO  o.e.m.c.i.embedder.EclipseLogger - skip non existing resourceDirectory C:\Users\Shashini Nimasha\Desktop\project1\PAF_GROUP_PROJECT_DS-master\PAF_GROUP_PROJECT_DS-master\src\test\resources
2019-05-16 04:55:01,989 [Worker-146: Building workspace] INFO  o.e.m.c.i.embedder.EclipseLogger - Using 'UTF-8' encoding to copy filtered resources.
2019-05-16 04:55:01,990 [Worker-146: Building workspace] INFO  o.e.m.c.i.embedder.EclipseLogger - Copying 1 resource
2019-05-16 04:55:02,001 [Worker-146: Building workspace] INFO  o.e.m.c.i.embedder.EclipseLogger - Copying 0 resource
2019-05-16 04:55:02,009 [Worker-146: Building workspace] INFO  o.e.m.c.i.embedder.EclipseLogger - Using 'UTF-8' encoding to copy filtered resources.
2019-05-16 04:55:02,017 [Worker-146: Building workspace] INFO  o.e.m.c.i.embedder.EclipseLogger - skip non existing resourceDirectory C:\Users\Shashini Nimasha\Desktop\project1\PAF_GROUP_PROJECT_DS-master\PAF_GROUP_PROJECT_DS-master\src\test\resources
2019-05-16 05:03:40,118 [Worker-151: Building workspace] INFO  o.e.m.c.i.embedder.EclipseLogger - Using 'UTF-8' encoding to copy filtered resources.
2019-05-16 05:03:40,128 [Worker-151: Building workspace] INFO  o.e.m.c.i.embedder.EclipseLogger - Copying 1 resource
2019-05-16 05:03:40,141 [Worker-151: Building workspace] INFO  o.e.m.c.i.embedder.EclipseLogger - Copying 0 resource
2019-05-16 05:03:40,152 [Worker-151: Building workspace] INFO  o.e.m.c.i.embedder.EclipseLogger - Using 'UTF-8' encoding to copy filtered resources.
2019-05-16 05:03:40,153 [Worker-151: Building workspace] INFO  o.e.m.c.i.embedder.EclipseLogger - skip non existing resourceDirectory C:\Users\Shashini Nimasha\Desktop\project1\PAF_GROUP_PROJECT_DS-master\PAF_GROUP_PROJECT_DS-master\src\test\resources
2019-05-16 05:04:35,145 [Worker-149: Building workspace] INFO  o.e.m.c.i.embedder.EclipseLogger - Using 'UTF-8' encoding to copy filtered resources.
2019-05-16 05:04:35,146 [Worker-149: Building workspace] INFO  o.e.m.c.i.embedder.EclipseLogger - Copying 1 resource
2019-05-16 05:04:35,151 [Worker-149: Building workspace] INFO  o.e.m.c.i.embedder.EclipseLogger - Copying 0 resource
2019-05-16 05:04:35,153 [Worker-149: Building workspace] INFO  o.e.m.c.i.embedder.EclipseLogger - Using 'UTF-8' encoding to copy filtered resources.
2019-05-16 05:04:35,162 [Worker-149: Building workspace] INFO  o.e.m.c.i.embedder.EclipseLogger - skip non existing resourceDirectory C:\Users\Shashini Nimasha\Desktop\project1\PAF_GROUP_PROJECT_DS-master\PAF_GROUP_PROJECT_DS-master\src\test\resources
2019-05-16 05:05:28,985 [Worker-149: Building workspace] INFO  o.e.m.c.i.embedder.EclipseLogger - Using 'UTF-8' encoding to copy filtered resources.
2019-05-16 05:05:29,004 [Worker-149: Building workspace] INFO  o.e.m.c.i.embedder.EclipseLogger - Copying 1 resource
2019-05-16 05:05:29,019 [Worker-149: Building workspace] INFO  o.e.m.c.i.embedder.EclipseLogger - Copying 0 resource
2019-05-16 05:05:29,028 [Worker-149: Building workspace] INFO  o.e.m.c.i.embedder.EclipseLogger - Using 'UTF-8' encoding to copy filtered resources.
2019-05-16 05:05:29,029 [Worker-149: Building workspace] INFO  o.e.m.c.i.embedder.EclipseLogger - skip non existing resourceDirectory C:\Users\Shashini Nimasha\Desktop\project1\PAF_GROUP_PROJECT_DS-master\PAF_GROUP_PROJECT_DS-master\src\test\resources
2019-05-16 05:08:20,635 [Worker-150: Building workspace] INFO  o.e.m.c.i.embedder.EclipseLogger - Using 'UTF-8' encoding to copy filtered resources.
2019-05-16 05:08:20,636 [Worker-150: Building workspace] INFO  o.e.m.c.i.embedder.EclipseLogger - Copying 1 resource
2019-05-16 05:08:20,645 [Worker-150: Building workspace] INFO  o.e.m.c.i.embedder.EclipseLogger - Copying 0 resource
2019-05-16 05:08:20,655 [Worker-150: Building workspace] INFO  o.e.m.c.i.embedder.EclipseLogger - Using 'UTF-8' encoding to copy filtered resources.
2019-05-16 05:08:20,663 [Worker-150: Building workspace] INFO  o.e.m.c.i.embedder.EclipseLogger - skip non existing resourceDirectory C:\Users\Shashini Nimasha\Desktop\project1\PAF_GROUP_PROJECT_DS-master\PAF_GROUP_PROJECT_DS-master\src\test\resources
2019-05-16 08:33:33,136 [Worker-178: Building workspace] INFO  o.e.m.c.i.embedder.EclipseLogger - Using 'UTF-8' encoding to copy filtered resources.
2019-05-16 08:33:33,138 [Worker-178: Building workspace] INFO  o.e.m.c.i.embedder.EclipseLogger - Copying 0 resource
2019-05-16 08:33:33,207 [Worker-178: Building workspace] INFO  o.e.m.c.i.embedder.EclipseLogger - Copying 0 resource
2019-05-16 08:33:33,215 [Worker-178: Building workspace] INFO  o.e.m.c.i.embedder.EclipseLogger - Using 'UTF-8' encoding to copy filtered resources.
2019-05-16 08:33:33,215 [Worker-178: Building workspace] INFO  o.e.m.c.i.embedder.EclipseLogger - skip non existing resourceDirectory C:\Users\Shashini Nimasha\Desktop\project1\PAF_GROUP_PROJECT_DS-master\PAF_GROUP_PROJECT_DS-master\src\test\resources
2019-05-16 08:34:56,232 [Worker-179: Building workspace] INFO  o.e.m.c.i.embedder.EclipseLogger - Using 'UTF-8' encoding to copy filtered resources.
2019-05-16 08:34:56,233 [Worker-179: Building workspace] INFO  o.e.m.c.i.embedder.EclipseLogger - Copying 0 resource
2019-05-16 08:34:56,233 [Worker-179: Building workspace] INFO  o.e.m.c.i.embedder.EclipseLogger - Copying 0 resource
2019-05-16 08:34:56,235 [Worker-179: Building workspace] INFO  o.e.m.c.i.embedder.EclipseLogger - Using 'UTF-8' encoding to copy filtered resources.
2019-05-16 08:34:56,235 [Worker-179: Building workspace] INFO  o.e.m.c.i.embedder.EclipseLogger - skip non existing resourceDirectory C:\Users\Shashini Nimasha\Desktop\project1\PAF_GROUP_PROJECT_DS-master\PAF_GROUP_PROJECT_DS-master\src\test\resources
2019-05-16 08:35:30,841 [Worker-181: Building workspace] INFO  o.e.m.c.i.embedder.EclipseLogger - Using 'UTF-8' encoding to copy filtered resources.
2019-05-16 08:35:30,841 [Worker-181: Building workspace] INFO  o.e.m.c.i.embedder.EclipseLogger - Copying 0 resource
2019-05-16 08:35:30,841 [Worker-181: Building workspace] INFO  o.e.m.c.i.embedder.EclipseLogger - Copying 0 resource
2019-05-16 08:35:30,852 [Worker-181: Building workspace] INFO  o.e.m.c.i.embedder.EclipseLogger - Using 'UTF-8' encoding to copy filtered resources.
2019-05-16 08:35:30,852 [Worker-181: Building workspace] INFO  o.e.m.c.i.embedder.EclipseLogger - skip non existing resourceDirectory C:\Users\Shashini Nimasha\Desktop\project1\PAF_GROUP_PROJECT_DS-master\PAF_GROUP_PROJECT_DS-master\src\test\resources
2019-05-16 08:41:00,607 [Worker-182: Building workspace] INFO  o.e.m.c.i.embedder.EclipseLogger - Using 'UTF-8' encoding to copy filtered resources.
2019-05-16 08:41:00,608 [Worker-182: Building workspace] INFO  o.e.m.c.i.embedder.EclipseLogger - Copying 1 resource
2019-05-16 08:41:00,620 [Worker-182: Building workspace] INFO  o.e.m.c.i.embedder.EclipseLogger - Copying 0 resource
2019-05-16 08:41:00,627 [Worker-182: Building workspace] INFO  o.e.m.c.i.embedder.EclipseLogger - Using 'UTF-8' encoding to copy filtered resources.
2019-05-16 08:41:00,634 [Worker-182: Building workspace] INFO  o.e.m.c.i.embedder.EclipseLogger - skip non existing resourceDirectory C:\Users\Shashini Nimasha\Desktop\project1\PAF_GROUP_PROJECT_DS-master\PAF_GROUP_PROJECT_DS-master\src\test\resources
2019-05-16 09:22:00,875 [Worker-186: Building workspace] INFO  o.e.m.c.i.embedder.EclipseLogger - Using 'UTF-8' encoding to copy filtered resources.
2019-05-16 09:22:00,876 [Worker-186: Building workspace] INFO  o.e.m.c.i.embedder.EclipseLogger - Copying 1 resource
2019-05-16 09:22:00,887 [Worker-186: Building workspace] INFO  o.e.m.c.i.embedder.EclipseLogger - Copying 0 resource
2019-05-16 09:22:00,894 [Worker-186: Building workspace] INFO  o.e.m.c.i.embedder.EclipseLogger - Using 'UTF-8' encoding to copy filtered resources.
2019-05-16 09:22:00,894 [Worker-186: Building workspace] INFO  o.e.m.c.i.embedder.EclipseLogger - skip non existing resourceDirectory C:\Users\Shashini Nimasha\Desktop\project1\PAF_GROUP_PROJECT_DS-master\PAF_GROUP_PROJECT_DS-master\src\test\resources
2019-05-16 09:27:25,052 [Worker-190: Building workspace] INFO  o.e.m.c.i.embedder.EclipseLogger - Using 'UTF-8' encoding to copy filtered resources.
2019-05-16 09:27:25,052 [Worker-190: Building workspace] INFO  o.e.m.c.i.embedder.EclipseLogger - Copying 0 resource
2019-05-16 09:27:25,053 [Worker-190: Building workspace] INFO  o.e.m.c.i.embedder.EclipseLogger - Copying 0 resource
2019-05-16 09:27:25,078 [Worker-190: Building workspace] INFO  o.e.m.c.i.embedder.EclipseLogger - Using 'UTF-8' encoding to copy filtered resources.
2019-05-16 09:27:25,084 [Worker-190: Building workspace] INFO  o.e.m.c.i.embedder.EclipseLogger - skip non existing resourceDirectory C:\Users\Shashini Nimasha\Desktop\project1\PAF_GROUP_PROJECT_DS-master\PAF_GROUP_PROJECT_DS-master\src\test\resources
2019-05-16 09:28:44,279 [Worker-190: Building workspace] INFO  o.e.m.c.i.embedder.EclipseLogger - Using 'UTF-8' encoding to copy filtered resources.
2019-05-16 09:28:44,287 [Worker-190: Building workspace] INFO  o.e.m.c.i.embedder.EclipseLogger - Copying 1 resource
2019-05-16 09:28:44,294 [Worker-190: Building workspace] INFO  o.e.m.c.i.embedder.EclipseLogger - Copying 0 resource
2019-05-16 09:28:44,301 [Worker-190: Building workspace] INFO  o.e.m.c.i.embedder.EclipseLogger - Using 'UTF-8' encoding to copy filtered resources.
2019-05-16 09:28:44,301 [Worker-190: Building workspace] INFO  o.e.m.c.i.embedder.EclipseLogger - skip non existing resourceDirectory C:\Users\Shashini Nimasha\Desktop\project1\PAF_GROUP_PROJECT_DS-master\PAF_GROUP_PROJECT_DS-master\src\test\resources
2019-05-16 09:29:07,839 [Worker-190: Building workspace] INFO  o.e.m.c.i.embedder.EclipseLogger - Using 'UTF-8' encoding to copy filtered resources.
2019-05-16 09:29:07,840 [Worker-190: Building workspace] INFO  o.e.m.c.i.embedder.EclipseLogger - Copying 1 resource
2019-05-16 09:29:07,848 [Worker-190: Building workspace] INFO  o.e.m.c.i.embedder.EclipseLogger - Copying 0 resource
2019-05-16 09:29:07,856 [Worker-190: Building workspace] INFO  o.e.m.c.i.embedder.EclipseLogger - Using 'UTF-8' encoding to copy filtered resources.
2019-05-16 09:29:07,861 [Worker-190: Building workspace] INFO  o.e.m.c.i.embedder.EclipseLogger - skip non existing resourceDirectory C:\Users\Shashini Nimasha\Desktop\project1\PAF_GROUP_PROJECT_DS-master\PAF_GROUP_PROJECT_DS-master\src\test\resources
2019-05-16 13:51:31,780 [Worker-198: Building workspace] INFO  o.e.m.c.i.embedder.EclipseLogger - Using 'UTF-8' encoding to copy filtered resources.
2019-05-16 13:51:32,124 [Worker-198: Building workspace] INFO  o.e.m.c.i.embedder.EclipseLogger - Copying 1 resource
2019-05-16 13:51:32,161 [Worker-198: Building workspace] INFO  o.e.m.c.i.embedder.EclipseLogger - Copying 0 resource
2019-05-16 13:51:32,171 [Worker-198: Building workspace] INFO  o.e.m.c.i.embedder.EclipseLogger - Using 'UTF-8' encoding to copy filtered resources.
2019-05-16 13:51:32,172 [Worker-198: Building workspace] INFO  o.e.m.c.i.embedder.EclipseLogger - skip non existing resourceDirectory C:\Users\Shashini Nimasha\Desktop\project1\PAF_GROUP_PROJECT_DS-master\PAF_GROUP_PROJECT_DS-master\src\test\resources
2019-05-16 14:11:17,527 [Worker-203: Building workspace] INFO  o.e.m.c.i.embedder.EclipseLogger - Using 'UTF-8' encoding to copy filtered resources.
2019-05-16 14:11:17,528 [Worker-203: Building workspace] INFO  o.e.m.c.i.embedder.EclipseLogger - Copying 1 resource
2019-05-16 14:11:17,530 [Worker-203: Building workspace] INFO  o.e.m.c.i.embedder.EclipseLogger - Copying 0 resource
2019-05-16 14:11:17,532 [Worker-203: Building workspace] INFO  o.e.m.c.i.embedder.EclipseLogger - Using 'UTF-8' encoding to copy filtered resources.
2019-05-16 14:11:17,537 [Worker-203: Building workspace] INFO  o.e.m.c.i.embedder.EclipseLogger - skip non existing resourceDirectory C:\Users\Shashini Nimasha\Desktop\project1\PAF_GROUP_PROJECT_DS-master\PAF_GROUP_PROJECT_DS-master\src\test\resources
2019-05-16 14:11:21,945 [Worker-205: Building workspace] INFO  o.e.m.c.i.embedder.EclipseLogger - Using 'UTF-8' encoding to copy filtered resources.
2019-05-16 14:11:21,951 [Worker-205: Building workspace] INFO  o.e.m.c.i.embedder.EclipseLogger - Copying 1 resource
2019-05-16 14:11:21,958 [Worker-205: Building workspace] INFO  o.e.m.c.i.embedder.EclipseLogger - Copying 0 resource
2019-05-16 14:11:21,965 [Worker-205: Building workspace] INFO  o.e.m.c.i.embedder.EclipseLogger - Using 'UTF-8' encoding to copy filtered resources.
2019-05-16 14:11:21,965 [Worker-205: Building workspace] INFO  o.e.m.c.i.embedder.EclipseLogger - skip non existing resourceDirectory C:\Users\Shashini Nimasha\Desktop\project1\PAF_GROUP_PROJECT_DS-master\PAF_GROUP_PROJECT_DS-master\src\test\resources
2019-05-16 14:12:53,541 [Worker-203: Building workspace] INFO  o.e.m.c.i.embedder.EclipseLogger - Using 'UTF-8' encoding to copy filtered resources.
2019-05-16 14:12:53,542 [Worker-203: Building workspace] INFO  o.e.m.c.i.embedder.EclipseLogger - Copying 1 resource
2019-05-16 14:12:53,549 [Worker-203: Building workspace] INFO  o.e.m.c.i.embedder.EclipseLogger - Copying 0 resource
2019-05-16 14:12:53,556 [Worker-203: Building workspace] INFO  o.e.m.c.i.embedder.EclipseLogger - Using 'UTF-8' encoding to copy filtered resources.
2019-05-16 14:12:53,561 [Worker-203: Building workspace] INFO  o.e.m.c.i.embedder.EclipseLogger - skip non existing resourceDirectory C:\Users\Shashini Nimasha\Desktop\project1\PAF_GROUP_PROJECT_DS-master\PAF_GROUP_PROJECT_DS-master\src\test\resources
2019-05-16 14:31:12,770 [Worker-204: Building workspace] INFO  o.e.m.c.i.embedder.EclipseLogger - Using 'UTF-8' encoding to copy filtered resources.
2019-05-16 14:31:12,771 [Worker-204: Building workspace] INFO  o.e.m.c.i.embedder.EclipseLogger - Copying 1 resource
2019-05-16 14:31:12,782 [Worker-204: Building workspace] INFO  o.e.m.c.i.embedder.EclipseLogger - Copying 0 resource
2019-05-16 14:31:12,789 [Worker-204: Building workspace] INFO  o.e.m.c.i.embedder.EclipseLogger - Using 'UTF-8' encoding to copy filtered resources.
2019-05-16 14:31:12,789 [Worker-204: Building workspace] INFO  o.e.m.c.i.embedder.EclipseLogger - skip non existing resourceDirectory C:\Users\Shashini Nimasha\Desktop\project1\PAF_GROUP_PROJECT_DS-master\PAF_GROUP_PROJECT_DS-master\src\test\resources
2019-05-16 14:32:32,998 [Worker-209: Building workspace] INFO  o.e.m.c.i.embedder.EclipseLogger - Using 'UTF-8' encoding to copy filtered resources.
2019-05-16 14:32:32,999 [Worker-209: Building workspace] INFO  o.e.m.c.i.embedder.EclipseLogger - Copying 1 resource
2019-05-16 14:32:33,002 [Worker-209: Building workspace] INFO  o.e.m.c.i.embedder.EclipseLogger - Copying 0 resource
2019-05-16 14:32:33,004 [Worker-209: Building workspace] INFO  o.e.m.c.i.embedder.EclipseLogger - Using 'UTF-8' encoding to copy filtered resources.
2019-05-16 14:32:33,012 [Worker-209: Building workspace] INFO  o.e.m.c.i.embedder.EclipseLogger - skip non existing resourceDirectory C:\Users\Shashini Nimasha\Desktop\project1\PAF_GROUP_PROJECT_DS-master\PAF_GROUP_PROJECT_DS-master\src\test\resources
2019-05-16 14:48:42,598 [Worker-220: Building workspace] INFO  o.e.m.c.i.embedder.EclipseLogger - Using 'UTF-8' encoding to copy filtered resources.
2019-05-16 14:48:42,605 [Worker-220: Building workspace] INFO  o.e.m.c.i.embedder.EclipseLogger - Copying 1 resource
2019-05-16 14:48:42,613 [Worker-220: Building workspace] INFO  o.e.m.c.i.embedder.EclipseLogger - Copying 0 resource
2019-05-16 14:48:42,623 [Worker-220: Building workspace] INFO  o.e.m.c.i.embedder.EclipseLogger - Using 'UTF-8' encoding to copy filtered resources.
2019-05-16 14:48:42,623 [Worker-220: Building workspace] INFO  o.e.m.c.i.embedder.EclipseLogger - skip non existing resourceDirectory C:\Users\Shashini Nimasha\Desktop\project1\PAF_GROUP_PROJECT_DS-master\PAF_GROUP_PROJECT_DS-master\src\test\resources
2019-05-16 14:53:02,693 [Worker-223: Building workspace] INFO  o.e.m.c.i.embedder.EclipseLogger - Using 'UTF-8' encoding to copy filtered resources.
2019-05-16 14:53:02,694 [Worker-223: Building workspace] INFO  o.e.m.c.i.embedder.EclipseLogger - Copying 1 resource
2019-05-16 14:53:02,702 [Worker-223: Building workspace] INFO  o.e.m.c.i.embedder.EclipseLogger - Copying 0 resource
2019-05-16 14:53:02,708 [Worker-223: Building workspace] INFO  o.e.m.c.i.embedder.EclipseLogger - Using 'UTF-8' encoding to copy filtered resources.
2019-05-16 14:53:02,713 [Worker-223: Building workspace] INFO  o.e.m.c.i.embedder.EclipseLogger - skip non existing resourceDirectory C:\Users\Shashini Nimasha\Desktop\project1\PAF_GROUP_PROJECT_DS-master\PAF_GROUP_PROJECT_DS-master\src\test\resources
2019-05-16 14:54:44,962 [Worker-225: Building workspace] INFO  o.e.m.c.i.embedder.EclipseLogger - Using 'UTF-8' encoding to copy filtered resources.
2019-05-16 14:54:44,968 [Worker-225: Building workspace] INFO  o.e.m.c.i.embedder.EclipseLogger - Copying 1 resource
2019-05-16 14:54:44,976 [Worker-225: Building workspace] INFO  o.e.m.c.i.embedder.EclipseLogger - Copying 0 resource
2019-05-16 14:54:44,982 [Worker-225: Building workspace] INFO  o.e.m.c.i.embedder.EclipseLogger - Using 'UTF-8' encoding to copy filtered resources.
2019-05-16 14:54:44,983 [Worker-225: Building workspace] INFO  o.e.m.c.i.embedder.EclipseLogger - skip non existing resourceDirectory C:\Users\Shashini Nimasha\Desktop\project1\PAF_GROUP_PROJECT_DS-master\PAF_GROUP_PROJECT_DS-master\src\test\resources
2019-05-16 15:00:09,727 [Worker-222: Building workspace] INFO  o.e.m.c.i.embedder.EclipseLogger - Using 'UTF-8' encoding to copy filtered resources.
2019-05-16 15:00:09,728 [Worker-222: Building workspace] INFO  o.e.m.c.i.embedder.EclipseLogger - Copying 1 resource
2019-05-16 15:00:09,731 [Worker-222: Building workspace] INFO  o.e.m.c.i.embedder.EclipseLogger - Copying 0 resource
2019-05-16 15:00:09,732 [Worker-222: Building workspace] INFO  o.e.m.c.i.embedder.EclipseLogger - Using 'UTF-8' encoding to copy filtered resources.
2019-05-16 15:00:09,732 [Worker-222: Building workspace] INFO  o.e.m.c.i.embedder.EclipseLogger - skip non existing resourceDirectory C:\Users\Shashini Nimasha\Desktop\project1\PAF_GROUP_PROJECT_DS-master\PAF_GROUP_PROJECT_DS-master\src\test\resources
2019-05-16 15:21:25,388 [Worker-230: Building workspace] INFO  o.e.m.c.i.embedder.EclipseLogger - Using 'UTF-8' encoding to copy filtered resources.
2019-05-16 15:21:25,388 [Worker-230: Building workspace] INFO  o.e.m.c.i.embedder.EclipseLogger - Copying 0 resource
2019-05-16 15:21:25,388 [Worker-230: Building workspace] INFO  o.e.m.c.i.embedder.EclipseLogger - Copying 0 resource
2019-05-16 15:21:25,416 [Worker-230: Building workspace] INFO  o.e.m.c.i.embedder.EclipseLogger - Using 'UTF-8' encoding to copy filtered resources.
2019-05-16 15:21:25,416 [Worker-230: Building workspace] INFO  o.e.m.c.i.embedder.EclipseLogger - skip non existing resourceDirectory C:\Users\Shashini Nimasha\Desktop\project1\PAF_GROUP_PROJECT_DS-master\PAF_GROUP_PROJECT_DS-master\src\test\resources
2019-05-16 15:30:06,442 [Worker-234: Building workspace] INFO  o.e.m.c.i.embedder.EclipseLogger - Using 'UTF-8' encoding to copy filtered resources.
2019-05-16 15:30:06,443 [Worker-234: Building workspace] INFO  o.e.m.c.i.embedder.EclipseLogger - Copying 1 resource
2019-05-16 15:30:06,451 [Worker-234: Building workspace] INFO  o.e.m.c.i.embedder.EclipseLogger - Copying 0 resource
2019-05-16 15:30:06,458 [Worker-234: Building workspace] INFO  o.e.m.c.i.embedder.EclipseLogger - Using 'UTF-8' encoding to copy filtered resources.
2019-05-16 15:30:06,464 [Worker-234: Building workspace] INFO  o.e.m.c.i.embedder.EclipseLogger - skip non existing resourceDirectory C:\Users\Shashini Nimasha\Desktop\project1\PAF_GROUP_PROJECT_DS-master\PAF_GROUP_PROJECT_DS-master\src\test\resources
2019-05-16 15:33:54,359 [Worker-238: Building workspace] INFO  o.e.m.c.i.embedder.EclipseLogger - Using 'UTF-8' encoding to copy filtered resources.
2019-05-16 15:33:54,368 [Worker-238: Building workspace] INFO  o.e.m.c.i.embedder.EclipseLogger - Copying 1 resource
2019-05-16 15:33:54,379 [Worker-238: Building workspace] INFO  o.e.m.c.i.embedder.EclipseLogger - Copying 0 resource
2019-05-16 15:33:54,389 [Worker-238: Building workspace] INFO  o.e.m.c.i.embedder.EclipseLogger - Using 'UTF-8' encoding to copy filtered resources.
2019-05-16 15:33:54,389 [Worker-238: Building workspace] INFO  o.e.m.c.i.embedder.EclipseLogger - skip non existing resourceDirectory C:\Users\Shashini Nimasha\Desktop\project1\PAF_GROUP_PROJECT_DS-master\PAF_GROUP_PROJECT_DS-master\src\test\resources
2019-05-16 15:34:18,699 [Worker-236: Building workspace] INFO  o.e.m.c.i.embedder.EclipseLogger - Using 'UTF-8' encoding to copy filtered resources.
2019-05-16 15:34:18,699 [Worker-236: Building workspace] INFO  o.e.m.c.i.embedder.EclipseLogger - Copying 1 resource
2019-05-16 15:34:18,702 [Worker-236: Building workspace] INFO  o.e.m.c.i.embedder.EclipseLogger - Copying 0 resource
2019-05-16 15:34:18,704 [Worker-236: Building workspace] INFO  o.e.m.c.i.embedder.EclipseLogger - Using 'UTF-8' encoding to copy filtered resources.
2019-05-16 15:34:18,709 [Worker-236: Building workspace] INFO  o.e.m.c.i.embedder.EclipseLogger - skip non existing resourceDirectory C:\Users\Shashini Nimasha\Desktop\project1\PAF_GROUP_PROJECT_DS-master\PAF_GROUP_PROJECT_DS-master\src\test\resources
2019-05-16 15:34:44,031 [Worker-237: Building workspace] INFO  o.e.m.c.i.embedder.EclipseLogger - Using 'UTF-8' encoding to copy filtered resources.
2019-05-16 15:34:44,037 [Worker-237: Building workspace] INFO  o.e.m.c.i.embedder.EclipseLogger - Copying 1 resource
2019-05-16 15:34:44,045 [Worker-237: Building workspace] INFO  o.e.m.c.i.embedder.EclipseLogger - Copying 0 resource
2019-05-16 15:34:44,052 [Worker-237: Building workspace] INFO  o.e.m.c.i.embedder.EclipseLogger - Using 'UTF-8' encoding to copy filtered resources.
2019-05-16 15:34:44,052 [Worker-237: Building workspace] INFO  o.e.m.c.i.embedder.EclipseLogger - skip non existing resourceDirectory C:\Users\Shashini Nimasha\Desktop\project1\PAF_GROUP_PROJECT_DS-master\PAF_GROUP_PROJECT_DS-master\src\test\resources
2019-05-16 15:39:25,248 [Worker-241: Building workspace] INFO  o.e.m.c.i.embedder.EclipseLogger - Using 'UTF-8' encoding to copy filtered resources.
2019-05-16 15:39:25,249 [Worker-241: Building workspace] INFO  o.e.m.c.i.embedder.EclipseLogger - Copying 1 resource
2019-05-16 15:39:25,257 [Worker-241: Building workspace] INFO  o.e.m.c.i.embedder.EclipseLogger - Copying 0 resource
2019-05-16 15:39:25,264 [Worker-241: Building workspace] INFO  o.e.m.c.i.embedder.EclipseLogger - Using 'UTF-8' encoding to copy filtered resources.
2019-05-16 15:39:25,269 [Worker-241: Building workspace] INFO  o.e.m.c.i.embedder.EclipseLogger - skip non existing resourceDirectory C:\Users\Shashini Nimasha\Desktop\project1\PAF_GROUP_PROJECT_DS-master\PAF_GROUP_PROJECT_DS-master\src\test\resources
2019-05-16 15:39:39,469 [Worker-241: Building workspace] INFO  o.e.m.c.i.embedder.EclipseLogger - Using 'UTF-8' encoding to copy filtered resources.
2019-05-16 15:39:39,481 [Worker-241: Building workspace] INFO  o.e.m.c.i.embedder.EclipseLogger - Copying 1 resource
2019-05-16 15:39:39,496 [Worker-241: Building workspace] INFO  o.e.m.c.i.embedder.EclipseLogger - Copying 0 resource
2019-05-16 15:39:39,504 [Worker-241: Building workspace] INFO  o.e.m.c.i.embedder.EclipseLogger - Using 'UTF-8' encoding to copy filtered resources.
2019-05-16 15:39:39,505 [Worker-241: Building workspace] INFO  o.e.m.c.i.embedder.EclipseLogger - skip non existing resourceDirectory C:\Users\Shashini Nimasha\Desktop\project1\PAF_GROUP_PROJECT_DS-master\PAF_GROUP_PROJECT_DS-master\src\test\resources
2019-05-16 15:44:22,801 [Worker-241: Building workspace] INFO  o.e.m.c.i.embedder.EclipseLogger - Using 'UTF-8' encoding to copy filtered resources.
2019-05-16 15:44:22,801 [Worker-241: Building workspace] INFO  o.e.m.c.i.embedder.EclipseLogger - Copying 1 resource
2019-05-16 15:44:22,804 [Worker-241: Building workspace] INFO  o.e.m.c.i.embedder.EclipseLogger - Copying 0 resource
2019-05-16 15:44:22,805 [Worker-241: Building workspace] INFO  o.e.m.c.i.embedder.EclipseLogger - Using 'UTF-8' encoding to copy filtered resources.
2019-05-16 15:44:22,806 [Worker-241: Building workspace] INFO  o.e.m.c.i.embedder.EclipseLogger - skip non existing resourceDirectory C:\Users\Shashini Nimasha\Desktop\project1\PAF_GROUP_PROJECT_DS-master\PAF_GROUP_PROJECT_DS-master\src\test\resources
2019-05-16 15:59:16,277 [Worker-251: Building workspace] INFO  o.e.m.c.i.embedder.EclipseLogger - Using 'UTF-8' encoding to copy filtered resources.
2019-05-16 15:59:16,278 [Worker-251: Building workspace] INFO  o.e.m.c.i.embedder.EclipseLogger - Copying 1 resource
2019-05-16 15:59:16,281 [Worker-251: Building workspace] INFO  o.e.m.c.i.embedder.EclipseLogger - Copying 0 resource
2019-05-16 15:59:16,288 [Worker-251: Building workspace] INFO  o.e.m.c.i.embedder.EclipseLogger - Using 'UTF-8' encoding to copy filtered resources.
2019-05-16 15:59:16,288 [Worker-251: Building workspace] INFO  o.e.m.c.i.embedder.EclipseLogger - skip non existing resourceDirectory C:\Users\Shashini Nimasha\Desktop\project1\PAF_GROUP_PROJECT_DS-master\PAF_GROUP_PROJECT_DS-master\src\test\resources
2019-05-16 16:16:18,695 [Worker-254: Building workspace] INFO  o.e.m.c.i.embedder.EclipseLogger - Using 'UTF-8' encoding to copy filtered resources.
2019-05-16 16:16:18,696 [Worker-254: Building workspace] INFO  o.e.m.c.i.embedder.EclipseLogger - Copying 1 resource
2019-05-16 16:16:18,714 [Worker-254: Building workspace] INFO  o.e.m.c.i.embedder.EclipseLogger - Copying 0 resource
2019-05-16 16:16:18,725 [Worker-254: Building workspace] INFO  o.e.m.c.i.embedder.EclipseLogger - Using 'UTF-8' encoding to copy filtered resources.
2019-05-16 16:16:18,733 [Worker-254: Building workspace] INFO  o.e.m.c.i.embedder.EclipseLogger - skip non existing resourceDirectory C:\Users\Shashini Nimasha\Desktop\project1\PAF_GROUP_PROJECT_DS-master\PAF_GROUP_PROJECT_DS-master\src\test\resources
2019-05-16 16:17:26,809 [Worker-257: Building workspace] INFO  o.e.m.c.i.embedder.EclipseLogger - Using 'UTF-8' encoding to copy filtered resources.
2019-05-16 16:17:26,819 [Worker-257: Building workspace] INFO  o.e.m.c.i.embedder.EclipseLogger - Copying 0 resource
2019-05-16 16:17:26,833 [Worker-257: Building workspace] INFO  o.e.m.c.i.embedder.EclipseLogger - Copying 0 resource
2019-05-16 16:17:26,842 [Worker-257: Building workspace] INFO  o.e.m.c.i.embedder.EclipseLogger - Using 'UTF-8' encoding to copy filtered resources.
2019-05-16 16:17:26,842 [Worker-257: Building workspace] INFO  o.e.m.c.i.embedder.EclipseLogger - skip non existing resourceDirectory C:\Users\Shashini Nimasha\Desktop\project1\PAF_GROUP_PROJECT_DS-master\PAF_GROUP_PROJECT_DS-master\src\test\resources
2019-05-16 17:09:44,288 [Worker-263: Building workspace] INFO  o.e.m.c.i.embedder.EclipseLogger - Using 'UTF-8' encoding to copy filtered resources.
2019-05-16 17:09:44,290 [Worker-263: Building workspace] INFO  o.e.m.c.i.embedder.EclipseLogger - Copying 0 resource
2019-05-16 17:09:44,290 [Worker-263: Building workspace] INFO  o.e.m.c.i.embedder.EclipseLogger - Copying 0 resource
2019-05-16 17:09:44,292 [Worker-263: Building workspace] INFO  o.e.m.c.i.embedder.EclipseLogger - Using 'UTF-8' encoding to copy filtered resources.
2019-05-16 17:09:44,367 [Worker-263: Building workspace] INFO  o.e.m.c.i.embedder.EclipseLogger - skip non existing resourceDirectory C:\Users\Shashini Nimasha\Desktop\project1\PAF_GROUP_PROJECT_DS-master\PAF_GROUP_PROJECT_DS-master\src\test\resources
2019-05-16 17:28:15,595 [Worker-270: Building workspace] INFO  o.e.m.c.i.embedder.EclipseLogger - Using 'UTF-8' encoding to copy filtered resources.
2019-05-16 17:28:15,637 [Worker-270: Building workspace] INFO  o.e.m.c.i.embedder.EclipseLogger - Copying 0 resource
2019-05-16 17:28:15,642 [Worker-270: Building workspace] INFO  o.e.m.c.i.embedder.EclipseLogger - Copying 0 resource
2019-05-16 17:28:15,649 [Worker-270: Building workspace] INFO  o.e.m.c.i.embedder.EclipseLogger - Using 'UTF-8' encoding to copy filtered resources.
2019-05-16 17:28:15,650 [Worker-270: Building workspace] INFO  o.e.m.c.i.embedder.EclipseLogger - skip non existing resourceDirectory C:\Users\Shashini Nimasha\Desktop\project1\PAF_GROUP_PROJECT_DS-master\PAF_GROUP_PROJECT_DS-master\src\test\resources
2019-05-16 17:45:46,275 [Worker-283: Building workspace] INFO  o.e.m.c.i.embedder.EclipseLogger - Using 'UTF-8' encoding to copy filtered resources.
2019-05-16 17:45:46,277 [Worker-283: Building workspace] INFO  o.e.m.c.i.embedder.EclipseLogger - Copying 1 resource
2019-05-16 17:45:46,326 [Worker-283: Building workspace] INFO  o.e.m.c.i.embedder.EclipseLogger - Copying 0 resource
2019-05-16 17:45:46,333 [Worker-283: Building workspace] INFO  o.e.m.c.i.embedder.EclipseLogger - Using 'UTF-8' encoding to copy filtered resources.
2019-05-16 17:45:46,339 [Worker-283: Building workspace] INFO  o.e.m.c.i.embedder.EclipseLogger - skip non existing resourceDirectory C:\Users\Shashini Nimasha\Desktop\project1\PAF_GROUP_PROJECT_DS-master\PAF_GROUP_PROJECT_DS-master\src\test\resources
2019-05-16 17:45:46,569 [Worker-283: Building workspace] INFO  o.e.m.c.i.embedder.EclipseLogger - Using 'UTF-8' encoding to copy filtered resources.
2019-05-16 17:45:46,577 [Worker-283: Building workspace] INFO  o.e.m.c.i.embedder.EclipseLogger - Copying 1 resource
2019-05-16 17:45:46,580 [Worker-283: Building workspace] INFO  o.e.m.c.i.embedder.EclipseLogger - Copying 0 resource
2019-05-16 17:45:46,581 [Worker-283: Building workspace] INFO  o.e.m.c.i.embedder.EclipseLogger - Using 'UTF-8' encoding to copy filtered resources.
2019-05-16 17:45:46,582 [Worker-283: Building workspace] INFO  o.e.m.c.i.embedder.EclipseLogger - skip non existing resourceDirectory C:\Users\Shashini Nimasha\Desktop\project1\PAF_GROUP_PROJECT_DS-master\PAF_GROUP_PROJECT_DS-master\src\test\resources
2019-05-16 19:25:22,935 [Worker-304: Building workspace] INFO  o.e.m.c.i.embedder.EclipseLogger - Using 'UTF-8' encoding to copy filtered resources.
2019-05-16 19:25:22,936 [Worker-304: Building workspace] INFO  o.e.m.c.i.embedder.EclipseLogger - Copying 0 resource
2019-05-16 19:25:22,936 [Worker-304: Building workspace] INFO  o.e.m.c.i.embedder.EclipseLogger - Copying 0 resource
2019-05-16 19:25:22,940 [Worker-304: Building workspace] INFO  o.e.m.c.i.embedder.EclipseLogger - Using 'UTF-8' encoding to copy filtered resources.
2019-05-16 19:25:22,940 [Worker-304: Building workspace] INFO  o.e.m.c.i.embedder.EclipseLogger - skip non existing resourceDirectory C:\Users\Shashini Nimasha\Desktop\project1\PAF_GROUP_PROJECT_DS-master\PAF_GROUP_PROJECT_DS-master\src\test\resources
2019-05-16 19:30:32,190 [Worker-303: Building workspace] INFO  o.e.m.c.i.embedder.EclipseLogger - Using 'UTF-8' encoding to copy filtered resources.
2019-05-16 19:30:32,190 [Worker-303: Building workspace] INFO  o.e.m.c.i.embedder.EclipseLogger - Copying 0 resource
2019-05-16 19:30:32,191 [Worker-303: Building workspace] INFO  o.e.m.c.i.embedder.EclipseLogger - Copying 0 resource
2019-05-16 19:30:32,246 [Worker-303: Building workspace] INFO  o.e.m.c.i.embedder.EclipseLogger - Using 'UTF-8' encoding to copy filtered resources.
2019-05-16 19:30:32,246 [Worker-303: Building workspace] INFO  o.e.m.c.i.embedder.EclipseLogger - skip non existing resourceDirectory C:\Users\Shashini Nimasha\Desktop\project1\PAF_GROUP_PROJECT_DS-master\PAF_GROUP_PROJECT_DS-master\src\test\resources
2019-05-16 19:51:35,895 [Worker-315: Building workspace] INFO  o.e.m.c.i.embedder.EclipseLogger - Using 'UTF-8' encoding to copy filtered resources.
2019-05-16 19:51:35,896 [Worker-315: Building workspace] INFO  o.e.m.c.i.embedder.EclipseLogger - Copying 0 resource
2019-05-16 19:51:35,902 [Worker-315: Building workspace] INFO  o.e.m.c.i.embedder.EclipseLogger - Copying 0 resource
2019-05-16 19:51:35,910 [Worker-315: Building workspace] INFO  o.e.m.c.i.embedder.EclipseLogger - Using 'UTF-8' encoding to copy filtered resources.
2019-05-16 19:51:35,916 [Worker-315: Building workspace] INFO  o.e.m.c.i.embedder.EclipseLogger - skip non existing resourceDirectory C:\Users\Shashini Nimasha\Desktop\project1\PAF_GROUP_PROJECT_DS-master\PAF_GROUP_PROJECT_DS-master\src\test\resources
2019-05-16 20:53:31,722 [Worker-331: Building workspace] INFO  o.e.m.c.i.embedder.EclipseLogger - Using 'UTF-8' encoding to copy filtered resources.
2019-05-16 20:53:31,723 [Worker-331: Building workspace] INFO  o.e.m.c.i.embedder.EclipseLogger - Copying 1 resource
2019-05-16 20:53:31,735 [Worker-331: Building workspace] INFO  o.e.m.c.i.embedder.EclipseLogger - Copying 0 resource
2019-05-16 20:53:31,744 [Worker-331: Building workspace] INFO  o.e.m.c.i.embedder.EclipseLogger - Using 'UTF-8' encoding to copy filtered resources.
2019-05-16 20:53:31,744 [Worker-331: Building workspace] INFO  o.e.m.c.i.embedder.EclipseLogger - skip non existing resourceDirectory C:\Users\Shashini Nimasha\Desktop\project1\PAF_GROUP_PROJECT_DS-master\PAF_GROUP_PROJECT_DS-master\src\test\resources
2019-05-16 20:53:32,820 [Worker-334: Building workspace] INFO  o.e.m.c.i.embedder.EclipseLogger - Using 'UTF-8' encoding to copy filtered resources.
2019-05-16 20:53:32,821 [Worker-334: Building workspace] INFO  o.e.m.c.i.embedder.EclipseLogger - Copying 1 resource
2019-05-16 20:53:32,825 [Worker-334: Building workspace] INFO  o.e.m.c.i.embedder.EclipseLogger - Copying 0 resource
2019-05-16 20:53:32,826 [Worker-334: Building workspace] INFO  o.e.m.c.i.embedder.EclipseLogger - Using 'UTF-8' encoding to copy filtered resources.
2019-05-16 20:53:32,831 [Worker-334: Building workspace] INFO  o.e.m.c.i.embedder.EclipseLogger - skip non existing resourceDirectory C:\Users\Shashini Nimasha\Desktop\project1\PAF_GROUP_PROJECT_DS-master\PAF_GROUP_PROJECT_DS-master\src\test\resources
2019-05-16 21:15:21,278 [Worker-334: Building workspace] INFO  o.e.m.c.i.embedder.EclipseLogger - Using 'UTF-8' encoding to copy filtered resources.
2019-05-16 21:15:21,287 [Worker-334: Building workspace] INFO  o.e.m.c.i.embedder.EclipseLogger - Copying 0 resource
2019-05-16 21:15:21,295 [Worker-334: Building workspace] INFO  o.e.m.c.i.embedder.EclipseLogger - Copying 0 resource
2019-05-16 21:15:21,306 [Worker-334: Building workspace] INFO  o.e.m.c.i.embedder.EclipseLogger - Using 'UTF-8' encoding to copy filtered resources.
2019-05-16 21:15:21,306 [Worker-334: Building workspace] INFO  o.e.m.c.i.embedder.EclipseLogger - skip non existing resourceDirectory C:\Users\Shashini Nimasha\Desktop\project1\PAF_GROUP_PROJECT_DS-master\PAF_GROUP_PROJECT_DS-master\src\test\resources
2019-05-17 06:50:40,314 [Worker-1: Loading available Gradle versions] INFO  o.e.b.c.i.u.g.PublishedGradleVersions - Gradle version information cache is out-of-date. Trying to update.
2019-05-17 06:51:37,351 [Worker-7: Building workspace] INFO  o.e.m.c.i.embedder.EclipseLogger - Using 'UTF-8' encoding to copy filtered resources.
2019-05-17 06:51:37,380 [Worker-7: Building workspace] INFO  o.e.m.c.i.embedder.EclipseLogger - Copying 1 resource
2019-05-17 06:51:37,419 [Worker-7: Building workspace] INFO  o.e.m.c.i.embedder.EclipseLogger - Copying 0 resource
2019-05-17 06:51:37,422 [Worker-7: Building workspace] INFO  o.e.m.c.i.embedder.EclipseLogger - Using 'UTF-8' encoding to copy filtered resources.
2019-05-17 06:51:37,422 [Worker-7: Building workspace] INFO  o.e.m.c.i.embedder.EclipseLogger - skip non existing resourceDirectory C:\Users\Shashini Nimasha\Desktop\project1\PAF_GROUP_PROJECT_DS-master\PAF_GROUP_PROJECT_DS-master\src\test\resources
2019-05-17 06:51:40,917 [Worker-12: Building workspace] INFO  o.e.m.c.i.embedder.EclipseLogger - Using 'UTF-8' encoding to copy filtered resources.
2019-05-17 06:51:40,919 [Worker-12: Building workspace] INFO  o.e.m.c.i.embedder.EclipseLogger - Copying 0 resource
2019-05-17 06:51:40,919 [Worker-12: Building workspace] INFO  o.e.m.c.i.embedder.EclipseLogger - Copying 0 resource
2019-05-17 06:51:40,919 [Worker-12: Building workspace] INFO  o.e.m.c.i.embedder.EclipseLogger - Using 'UTF-8' encoding to copy filtered resources.
2019-05-17 06:51:40,919 [Worker-12: Building workspace] INFO  o.e.m.c.i.embedder.EclipseLogger - skip non existing resourceDirectory C:\Users\Shashini Nimasha\Desktop\project1\PAF_GROUP_PROJECT_DS-master\PAF_GROUP_PROJECT_DS-master\src\test\resources
2019-05-17 11:51:34,568 [Worker-48: Building workspace] INFO  o.e.m.c.i.embedder.EclipseLogger - Using 'UTF-8' encoding to copy filtered resources.
2019-05-17 11:51:34,592 [Worker-48: Building workspace] INFO  o.e.m.c.i.embedder.EclipseLogger - Copying 1 resource
2019-05-17 11:51:34,596 [Worker-48: Building workspace] INFO  o.e.m.c.i.embedder.EclipseLogger - Copying 0 resource
2019-05-17 11:51:34,596 [Worker-48: Building workspace] INFO  o.e.m.c.i.embedder.EclipseLogger - Using 'UTF-8' encoding to copy filtered resources.
2019-05-17 11:51:34,596 [Worker-48: Building workspace] INFO  o.e.m.c.i.embedder.EclipseLogger - skip non existing resourceDirectory C:\Users\Shashini Nimasha\Desktop\project1\PAF_GROUP_PROJECT_DS-master\PAF_GROUP_PROJECT_DS-master\src\test\resources
2019-05-17 14:22:59,781 [Worker-9: Loading available Gradle versions] INFO  o.e.b.c.i.u.g.PublishedGradleVersions - Gradle version information cache is up-to-date. Trying to read.
2019-05-17 14:23:23,933 [Worker-16: Building workspace] INFO  o.e.m.c.i.embedder.EclipseLogger - Using 'UTF-8' encoding to copy filtered resources.
2019-05-17 14:23:23,965 [Worker-16: Building workspace] INFO  o.e.m.c.i.embedder.EclipseLogger - Copying 1 resource
2019-05-17 14:23:23,980 [Worker-16: Building workspace] INFO  o.e.m.c.i.embedder.EclipseLogger - Copying 0 resource
2019-05-17 14:23:23,983 [Worker-16: Building workspace] INFO  o.e.m.c.i.embedder.EclipseLogger - Using 'UTF-8' encoding to copy filtered resources.
2019-05-17 14:23:23,984 [Worker-16: Building workspace] INFO  o.e.m.c.i.embedder.EclipseLogger - skip non existing resourceDirectory C:\Users\Shashini Nimasha\Desktop\project1\PAF_GROUP_PROJECT_DS-master\PAF_GROUP_PROJECT_DS-master\src\test\resources
2019-05-17 14:23:25,523 [Worker-1: Building workspace] INFO  o.e.m.c.i.embedder.EclipseLogger - Using 'UTF-8' encoding to copy filtered resources.
2019-05-17 14:23:25,524 [Worker-1: Building workspace] INFO  o.e.m.c.i.embedder.EclipseLogger - Copying 0 resource
2019-05-17 14:23:25,525 [Worker-1: Building workspace] INFO  o.e.m.c.i.embedder.EclipseLogger - Copying 0 resource
2019-05-17 14:23:25,527 [Worker-1: Building workspace] INFO  o.e.m.c.i.embedder.EclipseLogger - Using 'UTF-8' encoding to copy filtered resources.
2019-05-17 14:23:25,528 [Worker-1: Building workspace] INFO  o.e.m.c.i.embedder.EclipseLogger - skip non existing resourceDirectory C:\Users\Shashini Nimasha\Desktop\project1\PAF_GROUP_PROJECT_DS-master\PAF_GROUP_PROJECT_DS-master\src\test\resources
2019-05-17 14:57:44,360 [Worker-25: Building workspace] INFO  o.e.m.c.i.embedder.EclipseLogger - Using 'UTF-8' encoding to copy filtered resources.
2019-05-17 14:57:44,361 [Worker-25: Building workspace] INFO  o.e.m.c.i.embedder.EclipseLogger - Copying 0 resource
2019-05-17 14:57:44,362 [Worker-25: Building workspace] INFO  o.e.m.c.i.embedder.EclipseLogger - Copying 0 resource
2019-05-17 14:57:44,364 [Worker-25: Building workspace] INFO  o.e.m.c.i.embedder.EclipseLogger - Using 'UTF-8' encoding to copy filtered resources.
2019-05-17 14:57:44,364 [Worker-25: Building workspace] INFO  o.e.m.c.i.embedder.EclipseLogger - skip non existing resourceDirectory C:\Users\Shashini Nimasha\Desktop\project1\PAF_GROUP_PROJECT_DS-master\PAF_GROUP_PROJECT_DS-master\src\test\resources
2019-05-17 14:58:31,858 [Worker-21: Building workspace] INFO  o.e.m.c.i.embedder.EclipseLogger - Using 'UTF-8' encoding to copy filtered resources.
2019-05-17 14:58:31,858 [Worker-21: Building workspace] INFO  o.e.m.c.i.embedder.EclipseLogger - Copying 0 resource
2019-05-17 14:58:31,859 [Worker-21: Building workspace] INFO  o.e.m.c.i.embedder.EclipseLogger - Copying 0 resource
2019-05-17 14:58:31,861 [Worker-21: Building workspace] INFO  o.e.m.c.i.embedder.EclipseLogger - Using 'UTF-8' encoding to copy filtered resources.
2019-05-17 14:58:31,861 [Worker-21: Building workspace] INFO  o.e.m.c.i.embedder.EclipseLogger - skip non existing resourceDirectory C:\Users\Shashini Nimasha\Desktop\project1\PAF_GROUP_PROJECT_DS-master\PAF_GROUP_PROJECT_DS-master\src\test\resources
2019-05-17 15:02:52,261 [Worker-26: Building workspace] INFO  o.e.m.c.i.embedder.EclipseLogger - Using 'UTF-8' encoding to copy filtered resources.
2019-05-17 15:02:52,262 [Worker-26: Building workspace] INFO  o.e.m.c.i.embedder.EclipseLogger - Copying 0 resource
2019-05-17 15:02:52,262 [Worker-26: Building workspace] INFO  o.e.m.c.i.embedder.EclipseLogger - Copying 0 resource
2019-05-17 15:02:52,265 [Worker-26: Building workspace] INFO  o.e.m.c.i.embedder.EclipseLogger - Using 'UTF-8' encoding to copy filtered resources.
2019-05-17 15:02:52,265 [Worker-26: Building workspace] INFO  o.e.m.c.i.embedder.EclipseLogger - skip non existing resourceDirectory C:\Users\Shashini Nimasha\Desktop\project1\PAF_GROUP_PROJECT_DS-master\PAF_GROUP_PROJECT_DS-master\src\test\resources
2019-05-17 15:11:17,397 [Worker-26: Building workspace] INFO  o.e.m.c.i.embedder.EclipseLogger - Using 'UTF-8' encoding to copy filtered resources.
2019-05-17 15:11:17,397 [Worker-26: Building workspace] INFO  o.e.m.c.i.embedder.EclipseLogger - Copying 0 resource
2019-05-17 15:11:17,398 [Worker-26: Building workspace] INFO  o.e.m.c.i.embedder.EclipseLogger - Copying 0 resource
2019-05-17 15:11:17,401 [Worker-26: Building workspace] INFO  o.e.m.c.i.embedder.EclipseLogger - Using 'UTF-8' encoding to copy filtered resources.
2019-05-17 15:11:17,401 [Worker-26: Building workspace] INFO  o.e.m.c.i.embedder.EclipseLogger - skip non existing resourceDirectory C:\Users\Shashini Nimasha\Desktop\project1\PAF_GROUP_PROJECT_DS-master\PAF_GROUP_PROJECT_DS-master\src\test\resources
2019-05-17 15:55:26,497 [Worker-44: Building workspace] INFO  o.e.m.c.i.embedder.EclipseLogger - Using 'UTF-8' encoding to copy filtered resources.
2019-05-17 15:55:26,515 [Worker-44: Building workspace] INFO  o.e.m.c.i.embedder.EclipseLogger - Copying 1 resource
2019-05-17 15:55:26,518 [Worker-44: Building workspace] INFO  o.e.m.c.i.embedder.EclipseLogger - Copying 0 resource
2019-05-17 15:55:26,521 [Worker-44: Building workspace] INFO  o.e.m.c.i.embedder.EclipseLogger - Using 'UTF-8' encoding to copy filtered resources.
2019-05-17 15:55:26,521 [Worker-44: Building workspace] INFO  o.e.m.c.i.embedder.EclipseLogger - skip non existing resourceDirectory C:\Users\Shashini Nimasha\Desktop\project1\PAF_GROUP_PROJECT_DS-master\PAF_GROUP_PROJECT_DS-master\src\test\resources
2019-05-17 15:55:27,654 [Worker-46: Building workspace] INFO  o.e.m.c.i.embedder.EclipseLogger - Using 'UTF-8' encoding to copy filtered resources.
2019-05-17 15:55:27,655 [Worker-46: Building workspace] INFO  o.e.m.c.i.embedder.EclipseLogger - Copying 1 resource
2019-05-17 15:55:27,657 [Worker-46: Building workspace] INFO  o.e.m.c.i.embedder.EclipseLogger - Copying 0 resource
2019-05-17 15:55:27,663 [Worker-46: Building workspace] INFO  o.e.m.c.i.embedder.EclipseLogger - Using 'UTF-8' encoding to copy filtered resources.
2019-05-17 15:55:27,663 [Worker-46: Building workspace] INFO  o.e.m.c.i.embedder.EclipseLogger - skip non existing resourceDirectory C:\Users\Shashini Nimasha\Desktop\project1\PAF_GROUP_PROJECT_DS-master\PAF_GROUP_PROJECT_DS-master\src\test\resources
2019-05-19 00:23:00,635 [Worker-248: Building workspace] INFO  o.e.m.c.i.embedder.EclipseLogger - Using 'UTF-8' encoding to copy filtered resources.
2019-05-19 00:23:00,644 [Worker-248: Building workspace] INFO  o.e.m.c.i.embedder.EclipseLogger - Copying 0 resource
2019-05-19 00:23:00,645 [Worker-248: Building workspace] INFO  o.e.m.c.i.embedder.EclipseLogger - Copying 0 resource
2019-05-19 00:23:00,648 [Worker-248: Building workspace] INFO  o.e.m.c.i.embedder.EclipseLogger - Using 'UTF-8' encoding to copy filtered resources.
2019-05-19 00:23:00,648 [Worker-248: Building workspace] INFO  o.e.m.c.i.embedder.EclipseLogger - skip non existing resourceDirectory C:\Users\Shashini Nimasha\Desktop\project1\PAF_GROUP_PROJECT_DS-master\PAF_GROUP_PROJECT_DS-master\src\test\resources
2019-05-19 00:30:30,876 [Worker-248: Building workspace] INFO  o.e.m.c.i.embedder.EclipseLogger - Using 'UTF-8' encoding to copy filtered resources.
2019-05-19 00:30:30,877 [Worker-248: Building workspace] INFO  o.e.m.c.i.embedder.EclipseLogger - Copying 1 resource
2019-05-19 00:30:30,879 [Worker-248: Building workspace] INFO  o.e.m.c.i.embedder.EclipseLogger - Copying 0 resource
2019-05-19 00:30:30,881 [Worker-248: Building workspace] INFO  o.e.m.c.i.embedder.EclipseLogger - Using 'UTF-8' encoding to copy filtered resources.
2019-05-19 00:30:30,882 [Worker-248: Building workspace] INFO  o.e.m.c.i.embedder.EclipseLogger - skip non existing resourceDirectory C:\Users\Shashini Nimasha\Desktop\project1\PAF_GROUP_PROJECT_DS-master\PAF_GROUP_PROJECT_DS-master\src\test\resources
2019-05-19 00:30:31,941 [Worker-248: Building workspace] INFO  o.e.m.c.i.embedder.EclipseLogger - Using 'UTF-8' encoding to copy filtered resources.
2019-05-19 00:30:31,943 [Worker-248: Building workspace] INFO  o.e.m.c.i.embedder.EclipseLogger - Copying 1 resource
2019-05-19 00:30:31,945 [Worker-248: Building workspace] INFO  o.e.m.c.i.embedder.EclipseLogger - Copying 0 resource
2019-05-19 00:30:31,948 [Worker-248: Building workspace] INFO  o.e.m.c.i.embedder.EclipseLogger - Using 'UTF-8' encoding to copy filtered resources.
2019-05-19 00:30:31,948 [Worker-248: Building workspace] INFO  o.e.m.c.i.embedder.EclipseLogger - skip non existing resourceDirectory C:\Users\Shashini Nimasha\Desktop\project1\PAF_GROUP_PROJECT_DS-master\PAF_GROUP_PROJECT_DS-master\src\test\resources
2019-05-19 00:52:41,325 [Worker-252: Building workspace] INFO  o.e.m.c.i.embedder.EclipseLogger - Using 'UTF-8' encoding to copy filtered resources.
2019-05-19 00:52:41,327 [Worker-252: Building workspace] INFO  o.e.m.c.i.embedder.EclipseLogger - Copying 1 resource
2019-05-19 00:52:41,330 [Worker-252: Building workspace] INFO  o.e.m.c.i.embedder.EclipseLogger - Copying 0 resource
2019-05-19 00:52:41,332 [Worker-252: Building workspace] INFO  o.e.m.c.i.embedder.EclipseLogger - Using 'UTF-8' encoding to copy filtered resources.
2019-05-19 00:52:41,332 [Worker-252: Building workspace] INFO  o.e.m.c.i.embedder.EclipseLogger - skip non existing resourceDirectory C:\Users\Shashini Nimasha\Desktop\project1\PAF_GROUP_PROJECT_DS-master\PAF_GROUP_PROJECT_DS-master\src\test\resources
2019-05-19 00:54:49,247 [Worker-248: Building workspace] INFO  o.e.m.c.i.embedder.EclipseLogger - Using 'UTF-8' encoding to copy filtered resources.
2019-05-19 00:54:49,249 [Worker-248: Building workspace] INFO  o.e.m.c.i.embedder.EclipseLogger - Copying 1 resource
2019-05-19 00:54:49,251 [Worker-248: Building workspace] INFO  o.e.m.c.i.embedder.EclipseLogger - Copying 0 resource
2019-05-19 00:54:49,253 [Worker-248: Building workspace] INFO  o.e.m.c.i.embedder.EclipseLogger - Using 'UTF-8' encoding to copy filtered resources.
2019-05-19 00:54:49,254 [Worker-248: Building workspace] INFO  o.e.m.c.i.embedder.EclipseLogger - skip non existing resourceDirectory C:\Users\Shashini Nimasha\Desktop\project1\PAF_GROUP_PROJECT_DS-master\PAF_GROUP_PROJECT_DS-master\src\test\resources
2019-05-19 00:54:50,417 [Worker-257: Building workspace] INFO  o.e.m.c.i.embedder.EclipseLogger - Using 'UTF-8' encoding to copy filtered resources.
2019-05-19 00:54:50,419 [Worker-257: Building workspace] INFO  o.e.m.c.i.embedder.EclipseLogger - Copying 1 resource
2019-05-19 00:54:50,421 [Worker-257: Building workspace] INFO  o.e.m.c.i.embedder.EclipseLogger - Copying 0 resource
2019-05-19 00:54:50,425 [Worker-257: Building workspace] INFO  o.e.m.c.i.embedder.EclipseLogger - Using 'UTF-8' encoding to copy filtered resources.
2019-05-19 00:54:50,426 [Worker-257: Building workspace] INFO  o.e.m.c.i.embedder.EclipseLogger - skip non existing resourceDirectory C:\Users\Shashini Nimasha\Desktop\project1\PAF_GROUP_PROJECT_DS-master\PAF_GROUP_PROJECT_DS-master\src\test\resources
2019-05-19 00:56:32,397 [Worker-258: Building workspace] INFO  o.e.m.c.i.embedder.EclipseLogger - Using 'UTF-8' encoding to copy filtered resources.
2019-05-19 00:56:32,397 [Worker-258: Building workspace] INFO  o.e.m.c.i.embedder.EclipseLogger - Copying 0 resource
2019-05-19 00:56:32,398 [Worker-258: Building workspace] INFO  o.e.m.c.i.embedder.EclipseLogger - Copying 0 resource
2019-05-19 00:56:32,400 [Worker-258: Building workspace] INFO  o.e.m.c.i.embedder.EclipseLogger - Using 'UTF-8' encoding to copy filtered resources.
2019-05-19 00:56:32,400 [Worker-258: Building workspace] INFO  o.e.m.c.i.embedder.EclipseLogger - skip non existing resourceDirectory C:\Users\Shashini Nimasha\Desktop\project1\PAF_GROUP_PROJECT_DS-master\PAF_GROUP_PROJECT_DS-master\src\test\resources
2019-05-19 00:59:11,108 [Worker-257: Building workspace] INFO  o.e.m.c.i.embedder.EclipseLogger - Using 'UTF-8' encoding to copy filtered resources.
2019-05-19 00:59:11,109 [Worker-257: Building workspace] INFO  o.e.m.c.i.embedder.EclipseLogger - Copying 1 resource
2019-05-19 00:59:11,110 [Worker-257: Building workspace] INFO  o.e.m.c.i.embedder.EclipseLogger - Copying 0 resource
2019-05-19 00:59:11,113 [Worker-257: Building workspace] INFO  o.e.m.c.i.embedder.EclipseLogger - Using 'UTF-8' encoding to copy filtered resources.
2019-05-19 00:59:11,114 [Worker-257: Building workspace] INFO  o.e.m.c.i.embedder.EclipseLogger - skip non existing resourceDirectory C:\Users\Shashini Nimasha\Desktop\project1\PAF_GROUP_PROJECT_DS-master\PAF_GROUP_PROJECT_DS-master\src\test\resources
2019-05-19 00:59:12,334 [Worker-261: Building workspace] INFO  o.e.m.c.i.embedder.EclipseLogger - Using 'UTF-8' encoding to copy filtered resources.
2019-05-19 00:59:12,335 [Worker-261: Building workspace] INFO  o.e.m.c.i.embedder.EclipseLogger - Copying 1 resource
2019-05-19 00:59:12,337 [Worker-261: Building workspace] INFO  o.e.m.c.i.embedder.EclipseLogger - Copying 0 resource
2019-05-19 00:59:12,341 [Worker-261: Building workspace] INFO  o.e.m.c.i.embedder.EclipseLogger - Using 'UTF-8' encoding to copy filtered resources.
2019-05-19 00:59:12,342 [Worker-261: Building workspace] INFO  o.e.m.c.i.embedder.EclipseLogger - skip non existing resourceDirectory C:\Users\Shashini Nimasha\Desktop\project1\PAF_GROUP_PROJECT_DS-master\PAF_GROUP_PROJECT_DS-master\src\test\resources
2019-05-19 01:02:41,774 [Worker-257: Building workspace] INFO  o.e.m.c.i.embedder.EclipseLogger - Using 'UTF-8' encoding to copy filtered resources.
2019-05-19 01:02:41,775 [Worker-257: Building workspace] INFO  o.e.m.c.i.embedder.EclipseLogger - Copying 1 resource
2019-05-19 01:02:41,777 [Worker-257: Building workspace] INFO  o.e.m.c.i.embedder.EclipseLogger - Copying 0 resource
2019-05-19 01:02:41,782 [Worker-257: Building workspace] INFO  o.e.m.c.i.embedder.EclipseLogger - Using 'UTF-8' encoding to copy filtered resources.
2019-05-19 01:02:41,782 [Worker-257: Building workspace] INFO  o.e.m.c.i.embedder.EclipseLogger - skip non existing resourceDirectory C:\Users\Shashini Nimasha\Desktop\project1\PAF_GROUP_PROJECT_DS-master\PAF_GROUP_PROJECT_DS-master\src\test\resources
2019-05-19 01:02:42,851 [Worker-264: Building workspace] INFO  o.e.m.c.i.embedder.EclipseLogger - Using 'UTF-8' encoding to copy filtered resources.
2019-05-19 01:02:42,852 [Worker-264: Building workspace] INFO  o.e.m.c.i.embedder.EclipseLogger - Copying 1 resource
2019-05-19 01:02:42,859 [Worker-264: Building workspace] INFO  o.e.m.c.i.embedder.EclipseLogger - Copying 0 resource
2019-05-19 01:02:42,861 [Worker-264: Building workspace] INFO  o.e.m.c.i.embedder.EclipseLogger - Using 'UTF-8' encoding to copy filtered resources.
2019-05-19 01:02:42,861 [Worker-264: Building workspace] INFO  o.e.m.c.i.embedder.EclipseLogger - skip non existing resourceDirectory C:\Users\Shashini Nimasha\Desktop\project1\PAF_GROUP_PROJECT_DS-master\PAF_GROUP_PROJECT_DS-master\src\test\resources
2019-05-19 01:02:55,068 [Worker-264: Building workspace] INFO  o.e.m.c.i.embedder.EclipseLogger - Using 'UTF-8' encoding to copy filtered resources.
2019-05-19 01:02:55,070 [Worker-264: Building workspace] INFO  o.e.m.c.i.embedder.EclipseLogger - Copying 1 resource
2019-05-19 01:02:55,072 [Worker-264: Building workspace] INFO  o.e.m.c.i.embedder.EclipseLogger - Copying 0 resource
2019-05-19 01:02:55,075 [Worker-264: Building workspace] INFO  o.e.m.c.i.embedder.EclipseLogger - Using 'UTF-8' encoding to copy filtered resources.
2019-05-19 01:02:55,075 [Worker-264: Building workspace] INFO  o.e.m.c.i.embedder.EclipseLogger - skip non existing resourceDirectory C:\Users\Shashini Nimasha\Desktop\project1\PAF_GROUP_PROJECT_DS-master\PAF_GROUP_PROJECT_DS-master\src\test\resources
2019-05-19 01:14:24,507 [Worker-265: Building workspace] INFO  o.e.m.c.i.embedder.EclipseLogger - Using 'UTF-8' encoding to copy filtered resources.
2019-05-19 01:14:24,508 [Worker-265: Building workspace] INFO  o.e.m.c.i.embedder.EclipseLogger - Copying 0 resource
2019-05-19 01:14:24,508 [Worker-265: Building workspace] INFO  o.e.m.c.i.embedder.EclipseLogger - Copying 0 resource
2019-05-19 01:14:24,514 [Worker-265: Building workspace] INFO  o.e.m.c.i.embedder.EclipseLogger - Using 'UTF-8' encoding to copy filtered resources.
2019-05-19 01:14:24,514 [Worker-265: Building workspace] INFO  o.e.m.c.i.embedder.EclipseLogger - skip non existing resourceDirectory C:\Users\Shashini Nimasha\Desktop\project1\PAF_GROUP_PROJECT_DS-master\PAF_GROUP_PROJECT_DS-master\src\test\resources
2019-05-19 01:14:50,551 [Worker-270: Building workspace] INFO  o.e.m.c.i.embedder.EclipseLogger - Using 'UTF-8' encoding to copy filtered resources.
2019-05-19 01:14:50,552 [Worker-270: Building workspace] INFO  o.e.m.c.i.embedder.EclipseLogger - Copying 1 resource
2019-05-19 01:14:50,555 [Worker-270: Building workspace] INFO  o.e.m.c.i.embedder.EclipseLogger - Copying 0 resource
2019-05-19 01:14:50,557 [Worker-270: Building workspace] INFO  o.e.m.c.i.embedder.EclipseLogger - Using 'UTF-8' encoding to copy filtered resources.
2019-05-19 01:14:50,558 [Worker-270: Building workspace] INFO  o.e.m.c.i.embedder.EclipseLogger - skip non existing resourceDirectory C:\Users\Shashini Nimasha\Desktop\project1\PAF_GROUP_PROJECT_DS-master\PAF_GROUP_PROJECT_DS-master\src\test\resources
2019-05-19 01:17:04,973 [Worker-270: Building workspace] INFO  o.e.m.c.i.embedder.EclipseLogger - Using 'UTF-8' encoding to copy filtered resources.
2019-05-19 01:17:04,975 [Worker-270: Building workspace] INFO  o.e.m.c.i.embedder.EclipseLogger - Copying 1 resource
2019-05-19 01:17:04,977 [Worker-270: Building workspace] INFO  o.e.m.c.i.embedder.EclipseLogger - Copying 0 resource
2019-05-19 01:17:04,979 [Worker-270: Building workspace] INFO  o.e.m.c.i.embedder.EclipseLogger - Using 'UTF-8' encoding to copy filtered resources.
2019-05-19 01:17:04,979 [Worker-270: Building workspace] INFO  o.e.m.c.i.embedder.EclipseLogger - skip non existing resourceDirectory C:\Users\Shashini Nimasha\Desktop\project1\PAF_GROUP_PROJECT_DS-master\PAF_GROUP_PROJECT_DS-master\src\test\resources
2019-05-19 01:24:21,165 [Worker-272: Building workspace] INFO  o.e.m.c.i.embedder.EclipseLogger - Using 'UTF-8' encoding to copy filtered resources.
2019-05-19 01:24:21,166 [Worker-272: Building workspace] INFO  o.e.m.c.i.embedder.EclipseLogger - Copying 1 resource
2019-05-19 01:24:21,169 [Worker-272: Building workspace] INFO  o.e.m.c.i.embedder.EclipseLogger - Copying 0 resource
2019-05-19 01:24:21,171 [Worker-272: Building workspace] INFO  o.e.m.c.i.embedder.EclipseLogger - Using 'UTF-8' encoding to copy filtered resources.
2019-05-19 01:24:21,171 [Worker-272: Building workspace] INFO  o.e.m.c.i.embedder.EclipseLogger - skip non existing resourceDirectory C:\Users\Shashini Nimasha\Desktop\project1\PAF_GROUP_PROJECT_DS-master\PAF_GROUP_PROJECT_DS-master\src\test\resources
2019-05-19 01:33:04,265 [Worker-278: Building workspace] INFO  o.e.m.c.i.embedder.EclipseLogger - Using 'UTF-8' encoding to copy filtered resources.
2019-05-19 01:33:04,266 [Worker-278: Building workspace] INFO  o.e.m.c.i.embedder.EclipseLogger - Copying 1 resource
2019-05-19 01:33:04,269 [Worker-278: Building workspace] INFO  o.e.m.c.i.embedder.EclipseLogger - Copying 0 resource
2019-05-19 01:33:04,272 [Worker-278: Building workspace] INFO  o.e.m.c.i.embedder.EclipseLogger - Using 'UTF-8' encoding to copy filtered resources.
2019-05-19 01:33:04,272 [Worker-278: Building workspace] INFO  o.e.m.c.i.embedder.EclipseLogger - skip non existing resourceDirectory C:\Users\Shashini Nimasha\Desktop\project1\PAF_GROUP_PROJECT_DS-master\PAF_GROUP_PROJECT_DS-master\src\test\resources
2019-05-19 01:37:43,869 [Worker-285: Building workspace] INFO  o.e.m.c.i.embedder.EclipseLogger - Using 'UTF-8' encoding to copy filtered resources.
2019-05-19 01:37:43,870 [Worker-285: Building workspace] INFO  o.e.m.c.i.embedder.EclipseLogger - Copying 1 resource
2019-05-19 01:37:43,873 [Worker-285: Building workspace] INFO  o.e.m.c.i.embedder.EclipseLogger - Copying 0 resource
2019-05-19 01:37:43,878 [Worker-285: Building workspace] INFO  o.e.m.c.i.embedder.EclipseLogger - Using 'UTF-8' encoding to copy filtered resources.
2019-05-19 01:37:43,878 [Worker-285: Building workspace] INFO  o.e.m.c.i.embedder.EclipseLogger - skip non existing resourceDirectory C:\Users\Shashini Nimasha\Desktop\project1\PAF_GROUP_PROJECT_DS-master\PAF_GROUP_PROJECT_DS-master\src\test\resources
2019-05-19 01:55:38,523 [Worker-291: Building workspace] INFO  o.e.m.c.i.embedder.EclipseLogger - Using 'UTF-8' encoding to copy filtered resources.
2019-05-19 01:55:38,524 [Worker-291: Building workspace] INFO  o.e.m.c.i.embedder.EclipseLogger - Copying 1 resource
2019-05-19 01:55:38,526 [Worker-291: Building workspace] INFO  o.e.m.c.i.embedder.EclipseLogger - Copying 0 resource
2019-05-19 01:55:38,528 [Worker-291: Building workspace] INFO  o.e.m.c.i.embedder.EclipseLogger - Using 'UTF-8' encoding to copy filtered resources.
2019-05-19 01:55:38,529 [Worker-291: Building workspace] INFO  o.e.m.c.i.embedder.EclipseLogger - skip non existing resourceDirectory C:\Users\Shashini Nimasha\Desktop\project1\PAF_GROUP_PROJECT_DS-master\PAF_GROUP_PROJECT_DS-master\src\test\resources
2019-05-19 01:56:21,382 [Worker-290: Building workspace] INFO  o.e.m.c.i.embedder.EclipseLogger - Using 'UTF-8' encoding to copy filtered resources.
2019-05-19 01:56:21,383 [Worker-290: Building workspace] INFO  o.e.m.c.i.embedder.EclipseLogger - Copying 1 resource
2019-05-19 01:56:21,385 [Worker-290: Building workspace] INFO  o.e.m.c.i.embedder.EclipseLogger - Copying 0 resource
2019-05-19 01:56:21,387 [Worker-290: Building workspace] INFO  o.e.m.c.i.embedder.EclipseLogger - Using 'UTF-8' encoding to copy filtered resources.
2019-05-19 01:56:21,388 [Worker-290: Building workspace] INFO  o.e.m.c.i.embedder.EclipseLogger - skip non existing resourceDirectory C:\Users\Shashini Nimasha\Desktop\project1\PAF_GROUP_PROJECT_DS-master\PAF_GROUP_PROJECT_DS-master\src\test\resources
2019-05-19 12:00:22,237 [Worker-4: Loading available Gradle versions] INFO  o.e.b.c.i.u.g.PublishedGradleVersions - Gradle version information cache is out-of-date. Trying to update.
2019-05-19 12:44:57,465 [Worker-19: Building workspace] INFO  o.e.m.c.i.embedder.EclipseLogger - Using 'UTF-8' encoding to copy filtered resources.
2019-05-19 12:44:57,474 [Worker-19: Building workspace] INFO  o.e.m.c.i.embedder.EclipseLogger - Copying 1 resource
2019-05-19 12:44:57,497 [Worker-19: Building workspace] INFO  o.e.m.c.i.embedder.EclipseLogger - Copying 0 resource
2019-05-19 12:44:57,500 [Worker-19: Building workspace] INFO  o.e.m.c.i.embedder.EclipseLogger - Using 'UTF-8' encoding to copy filtered resources.
2019-05-19 12:44:57,500 [Worker-19: Building workspace] INFO  o.e.m.c.i.embedder.EclipseLogger - skip non existing resourceDirectory C:\Users\Shashini Nimasha\Desktop\project1\PAF_GROUP_PROJECT_DS-master\PAF_GROUP_PROJECT_DS-master\src\test\resources
2019-05-19 12:44:58,724 [Worker-22: Building workspace] INFO  o.e.m.c.i.embedder.EclipseLogger - Using 'UTF-8' encoding to copy filtered resources.
2019-05-19 12:44:58,735 [Worker-22: Building workspace] INFO  o.e.m.c.i.embedder.EclipseLogger - Copying 0 resource
2019-05-19 12:44:58,736 [Worker-22: Building workspace] INFO  o.e.m.c.i.embedder.EclipseLogger - Copying 0 resource
2019-05-19 12:44:58,740 [Worker-22: Building workspace] INFO  o.e.m.c.i.embedder.EclipseLogger - Using 'UTF-8' encoding to copy filtered resources.
2019-05-19 12:44:58,740 [Worker-22: Building workspace] INFO  o.e.m.c.i.embedder.EclipseLogger - skip non existing resourceDirectory C:\Users\Shashini Nimasha\Desktop\project1\PAF_GROUP_PROJECT_DS-master\PAF_GROUP_PROJECT_DS-master\src\test\resources
